{"C:\\Users\\snowc\\OneDrive\\Documents\\Mafia\\applebaum-final-projects-mafia-uhh\\server\\index.js": {"path":"C:\\Users\\snowc\\OneDrive\\Documents\\Mafia\\applebaum-final-projects-mafia-uhh\\server\\index.js","statementMap":{"0":{"start":{"line":1,"column":16},"end":{"line":1,"column":34}},"1":{"start":{"line":2,"column":13},"end":{"line":2,"column":28}},"2":{"start":{"line":3,"column":18},"end":{"line":3,"column":31}},"3":{"start":{"line":4,"column":28},"end":{"line":4,"column":56}},"4":{"start":{"line":5,"column":15},"end":{"line":5,"column":34}},"5":{"start":{"line":7,"column":12},"end":{"line":7,"column":21}},"6":{"start":{"line":8,"column":15},"end":{"line":8,"column":37}},"7":{"start":{"line":9,"column":12},"end":{"line":9,"column":57}},"8":{"start":{"line":11,"column":13},"end":{"line":11,"column":28}},"9":{"start":{"line":12,"column":0},"end":{"line":12,"column":16}},"10":{"start":{"line":14,"column":14},"end":{"line":14,"column":16}},"11":{"start":{"line":17,"column":16},"end":{"line":17,"column":21}},"12":{"start":{"line":18,"column":20},"end":{"line":18,"column":24}},"13":{"start":{"line":19,"column":19},"end":{"line":19,"column":21}},"14":{"start":{"line":21,"column":0},"end":{"line":21,"column":34}},"15":{"start":{"line":23,"column":0},"end":{"line":25,"column":3}},"16":{"start":{"line":24,"column":4},"end":{"line":24,"column":47}},"17":{"start":{"line":27,"column":0},"end":{"line":115,"column":3}},"18":{"start":{"line":28,"column":4},"end":{"line":28,"column":57}},"19":{"start":{"line":32,"column":4},"end":{"line":32,"column":61}},"20":{"start":{"line":34,"column":4},"end":{"line":106,"column":7}},"21":{"start":{"line":35,"column":21},"end":{"line":35,"column":40}},"22":{"start":{"line":37,"column":8},"end":{"line":105,"column":9}},"23":{"start":{"line":38,"column":12},"end":{"line":38,"column":35}},"24":{"start":{"line":40,"column":12},"end":{"line":40,"column":54}},"25":{"start":{"line":42,"column":38},"end":{"line":42,"column":83}},"26":{"start":{"line":44,"column":12},"end":{"line":46,"column":13}},"27":{"start":{"line":45,"column":16},"end":{"line":45,"column":23}},"28":{"start":{"line":48,"column":30},"end":{"line":48,"column":58}},"29":{"start":{"line":49,"column":12},"end":{"line":49,"column":30}},"30":{"start":{"line":50,"column":12},"end":{"line":50,"column":36}},"31":{"start":{"line":52,"column":12},"end":{"line":52,"column":39}},"32":{"start":{"line":54,"column":12},"end":{"line":58,"column":13}},"33":{"start":{"line":55,"column":16},"end":{"line":55,"column":87}},"34":{"start":{"line":57,"column":16},"end":{"line":57,"column":111}},"35":{"start":{"line":60,"column":12},"end":{"line":62,"column":15}},"36":{"start":{"line":61,"column":16},"end":{"line":61,"column":115}},"37":{"start":{"line":63,"column":15},"end":{"line":105,"column":9}},"38":{"start":{"line":64,"column":12},"end":{"line":64,"column":82}},"39":{"start":{"line":65,"column":12},"end":{"line":65,"column":78}},"40":{"start":{"line":66,"column":12},"end":{"line":66,"column":41}},"41":{"start":{"line":68,"column":12},"end":{"line":68,"column":47}},"42":{"start":{"line":69,"column":12},"end":{"line":79,"column":13}},"43":{"start":{"line":70,"column":16},"end":{"line":70,"column":69}},"44":{"start":{"line":71,"column":16},"end":{"line":75,"column":19}},"45":{"start":{"line":72,"column":20},"end":{"line":72,"column":77}},"46":{"start":{"line":73,"column":20},"end":{"line":73,"column":69}},"47":{"start":{"line":74,"column":20},"end":{"line":74,"column":106}},"48":{"start":{"line":78,"column":16},"end":{"line":78,"column":105}},"49":{"start":{"line":80,"column":15},"end":{"line":105,"column":9}},"50":{"start":{"line":81,"column":12},"end":{"line":81,"column":54}},"51":{"start":{"line":82,"column":15},"end":{"line":105,"column":9}},"52":{"start":{"line":83,"column":12},"end":{"line":83,"column":72}},"53":{"start":{"line":83,"column":52},"end":{"line":83,"column":70}},"54":{"start":{"line":84,"column":12},"end":{"line":86,"column":15}},"55":{"start":{"line":85,"column":16},"end":{"line":85,"column":122}},"56":{"start":{"line":85,"column":105},"end":{"line":85,"column":116}},"57":{"start":{"line":87,"column":15},"end":{"line":105,"column":9}},"58":{"start":{"line":88,"column":12},"end":{"line":88,"column":76}},"59":{"start":{"line":89,"column":12},"end":{"line":91,"column":15}},"60":{"start":{"line":90,"column":16},"end":{"line":90,"column":105}},"61":{"start":{"line":92,"column":12},"end":{"line":92,"column":42}},"62":{"start":{"line":93,"column":15},"end":{"line":105,"column":9}},"63":{"start":{"line":94,"column":12},"end":{"line":94,"column":72}},"64":{"start":{"line":95,"column":12},"end":{"line":97,"column":15}},"65":{"start":{"line":96,"column":16},"end":{"line":96,"column":99}},"66":{"start":{"line":98,"column":12},"end":{"line":98,"column":38}},"67":{"start":{"line":99,"column":15},"end":{"line":105,"column":9}},"68":{"start":{"line":100,"column":12},"end":{"line":100,"column":28}},"69":{"start":{"line":101,"column":12},"end":{"line":101,"column":38}},"70":{"start":{"line":102,"column":15},"end":{"line":105,"column":9}},"71":{"start":{"line":103,"column":12},"end":{"line":103,"column":30}},"72":{"start":{"line":104,"column":12},"end":{"line":104,"column":42}},"73":{"start":{"line":108,"column":4},"end":{"line":114,"column":7}},"74":{"start":{"line":109,"column":8},"end":{"line":109,"column":61}},"75":{"start":{"line":109,"column":43},"end":{"line":109,"column":59}},"76":{"start":{"line":110,"column":8},"end":{"line":112,"column":11}},"77":{"start":{"line":111,"column":12},"end":{"line":111,"column":109}},"78":{"start":{"line":113,"column":8},"end":{"line":113,"column":35}},"79":{"start":{"line":120,"column":27},"end":{"line":120,"column":61}},"80":{"start":{"line":120,"column":49},"end":{"line":120,"column":60}},"81":{"start":{"line":122,"column":4},"end":{"line":125,"column":5}},"82":{"start":{"line":123,"column":8},"end":{"line":123,"column":127}},"83":{"start":{"line":124,"column":8},"end":{"line":124,"column":21}},"84":{"start":{"line":127,"column":4},"end":{"line":130,"column":5}},"85":{"start":{"line":128,"column":8},"end":{"line":128,"column":104}},"86":{"start":{"line":129,"column":8},"end":{"line":129,"column":21}},"87":{"start":{"line":132,"column":4},"end":{"line":132,"column":55}},"88":{"start":{"line":133,"column":4},"end":{"line":133,"column":16}},"89":{"start":{"line":138,"column":4},"end":{"line":140,"column":5}},"90":{"start":{"line":139,"column":8},"end":{"line":139,"column":37}},"91":{"start":{"line":142,"column":4},"end":{"line":144,"column":7}},"92":{"start":{"line":143,"column":8},"end":{"line":143,"column":78}},"93":{"start":{"line":146,"column":4},"end":{"line":158,"column":13}},"94":{"start":{"line":147,"column":8},"end":{"line":147,"column":46}},"95":{"start":{"line":148,"column":8},"end":{"line":148,"column":19}},"96":{"start":{"line":150,"column":8},"end":{"line":157,"column":9}},"97":{"start":{"line":151,"column":12},"end":{"line":151,"column":41}},"98":{"start":{"line":152,"column":12},"end":{"line":152,"column":28}},"99":{"start":{"line":154,"column":12},"end":{"line":156,"column":15}},"100":{"start":{"line":155,"column":16},"end":{"line":155,"column":86}},"101":{"start":{"line":162,"column":4},"end":{"line":164,"column":5}},"102":{"start":{"line":163,"column":8},"end":{"line":163,"column":37}},"103":{"start":{"line":166,"column":4},"end":{"line":168,"column":7}},"104":{"start":{"line":167,"column":8},"end":{"line":167,"column":80}},"105":{"start":{"line":170,"column":4},"end":{"line":182,"column":13}},"106":{"start":{"line":171,"column":8},"end":{"line":171,"column":50}},"107":{"start":{"line":172,"column":8},"end":{"line":172,"column":21}},"108":{"start":{"line":174,"column":8},"end":{"line":181,"column":9}},"109":{"start":{"line":175,"column":12},"end":{"line":175,"column":41}},"110":{"start":{"line":176,"column":12},"end":{"line":176,"column":28}},"111":{"start":{"line":178,"column":12},"end":{"line":180,"column":15}},"112":{"start":{"line":179,"column":16},"end":{"line":179,"column":88}},"113":{"start":{"line":186,"column":4},"end":{"line":190,"column":5}},"114":{"start":{"line":187,"column":8},"end":{"line":187,"column":28}},"115":{"start":{"line":189,"column":8},"end":{"line":189,"column":26}},"116":{"start":{"line":192,"column":4},"end":{"line":194,"column":7}},"117":{"start":{"line":193,"column":8},"end":{"line":193,"column":76}},"118":{"start":{"line":198,"column":4},"end":{"line":200,"column":7}},"119":{"start":{"line":199,"column":8},"end":{"line":199,"column":128}},"120":{"start":{"line":199,"column":111},"end":{"line":199,"column":122}},"121":{"start":{"line":204,"column":23},"end":{"line":204,"column":101}},"122":{"start":{"line":204,"column":48},"end":{"line":204,"column":93}},"123":{"start":{"line":205,"column":25},"end":{"line":205,"column":105}},"124":{"start":{"line":205,"column":50},"end":{"line":205,"column":97}},"125":{"start":{"line":207,"column":4},"end":{"line":217,"column":5}},"126":{"start":{"line":208,"column":8},"end":{"line":211,"column":11}},"127":{"start":{"line":209,"column":28},"end":{"line":209,"column":80}},"128":{"start":{"line":210,"column":12},"end":{"line":210,"column":113}},"129":{"start":{"line":212,"column":11},"end":{"line":217,"column":5}},"130":{"start":{"line":213,"column":8},"end":{"line":216,"column":11}},"131":{"start":{"line":214,"column":28},"end":{"line":214,"column":78}},"132":{"start":{"line":215,"column":12},"end":{"line":215,"column":110}},"133":{"start":{"line":221,"column":4},"end":{"line":223,"column":5}},"134":{"start":{"line":222,"column":8},"end":{"line":222,"column":19}},"135":{"start":{"line":224,"column":4},"end":{"line":224,"column":17}},"136":{"start":{"line":228,"column":4},"end":{"line":231,"column":5}},"137":{"start":{"line":228,"column":17},"end":{"line":228,"column":35}},"138":{"start":{"line":229,"column":8},"end":{"line":229,"column":54}},"139":{"start":{"line":230,"column":8},"end":{"line":230,"column":29}},"140":{"start":{"line":236,"column":4},"end":{"line":236,"column":54}},"141":{"start":{"line":238,"column":22},"end":{"line":238,"column":23}},"142":{"start":{"line":240,"column":4},"end":{"line":252,"column":7}},"143":{"start":{"line":241,"column":8},"end":{"line":251,"column":9}},"144":{"start":{"line":242,"column":29},"end":{"line":242,"column":52}},"145":{"start":{"line":243,"column":12},"end":{"line":243,"column":35}},"146":{"start":{"line":244,"column":12},"end":{"line":248,"column":13}},"147":{"start":{"line":245,"column":16},"end":{"line":245,"column":38}},"148":{"start":{"line":247,"column":16},"end":{"line":247,"column":40}},"149":{"start":{"line":249,"column":12},"end":{"line":249,"column":77}},"150":{"start":{"line":250,"column":12},"end":{"line":250,"column":26}},"151":{"start":{"line":257,"column":18},"end":{"line":257,"column":57}},"152":{"start":{"line":259,"column":21},"end":{"line":259,"column":75}},"153":{"start":{"line":261,"column":23},"end":{"line":261,"column":46}},"154":{"start":{"line":263,"column":4},"end":{"line":263,"column":54}},"155":{"start":{"line":263,"column":33},"end":{"line":263,"column":52}},"156":{"start":{"line":267,"column":25},"end":{"line":267,"column":75}},"157":{"start":{"line":267,"column":48},"end":{"line":267,"column":74}},"158":{"start":{"line":269,"column":4},"end":{"line":271,"column":5}},"159":{"start":{"line":270,"column":8},"end":{"line":270,"column":15}},"160":{"start":{"line":273,"column":4},"end":{"line":273,"column":39}},"161":{"start":{"line":275,"column":25},"end":{"line":275,"column":69}},"162":{"start":{"line":275,"column":50},"end":{"line":275,"column":68}},"163":{"start":{"line":276,"column":25},"end":{"line":276,"column":71}},"164":{"start":{"line":276,"column":55},"end":{"line":276,"column":70}},"165":{"start":{"line":278,"column":4},"end":{"line":332,"column":5}},"166":{"start":{"line":279,"column":8},"end":{"line":279,"column":26}},"167":{"start":{"line":280,"column":27},"end":{"line":280,"column":29}},"168":{"start":{"line":282,"column":8},"end":{"line":285,"column":11}},"169":{"start":{"line":283,"column":29},"end":{"line":283,"column":46}},"170":{"start":{"line":284,"column":12},"end":{"line":284,"column":67}},"171":{"start":{"line":287,"column":23},"end":{"line":287,"column":25}},"172":{"start":{"line":288,"column":31},"end":{"line":288,"column":35}},"173":{"start":{"line":289,"column":29},"end":{"line":289,"column":33}},"174":{"start":{"line":290,"column":18},"end":{"line":290,"column":23}},"175":{"start":{"line":291,"column":24},"end":{"line":291,"column":28}},"176":{"start":{"line":294,"column":8},"end":{"line":307,"column":9}},"177":{"start":{"line":295,"column":12},"end":{"line":295,"column":34}},"178":{"start":{"line":296,"column":12},"end":{"line":296,"column":31}},"179":{"start":{"line":297,"column":12},"end":{"line":306,"column":13}},"180":{"start":{"line":298,"column":16},"end":{"line":298,"column":33}},"181":{"start":{"line":299,"column":16},"end":{"line":299,"column":44}},"182":{"start":{"line":300,"column":16},"end":{"line":300,"column":100}},"183":{"start":{"line":300,"column":61},"end":{"line":300,"column":93}},"184":{"start":{"line":301,"column":16},"end":{"line":301,"column":28}},"185":{"start":{"line":302,"column":19},"end":{"line":306,"column":13}},"186":{"start":{"line":303,"column":16},"end":{"line":303,"column":34}},"187":{"start":{"line":304,"column":19},"end":{"line":306,"column":13}},"188":{"start":{"line":305,"column":16},"end":{"line":305,"column":27}},"189":{"start":{"line":309,"column":8},"end":{"line":329,"column":9}},"190":{"start":{"line":310,"column":12},"end":{"line":312,"column":15}},"191":{"start":{"line":311,"column":16},"end":{"line":311,"column":133}},"192":{"start":{"line":313,"column":15},"end":{"line":329,"column":9}},"193":{"start":{"line":314,"column":12},"end":{"line":316,"column":15}},"194":{"start":{"line":315,"column":16},"end":{"line":315,"column":119}},"195":{"start":{"line":317,"column":15},"end":{"line":329,"column":9}},"196":{"start":{"line":318,"column":38},"end":{"line":318,"column":94}},"197":{"start":{"line":318,"column":61},"end":{"line":318,"column":93}},"198":{"start":{"line":319,"column":12},"end":{"line":319,"column":41}},"199":{"start":{"line":320,"column":12},"end":{"line":320,"column":71}},"200":{"start":{"line":322,"column":12},"end":{"line":324,"column":15}},"201":{"start":{"line":323,"column":16},"end":{"line":323,"column":179}},"202":{"start":{"line":326,"column":12},"end":{"line":326,"column":33}},"203":{"start":{"line":328,"column":12},"end":{"line":328,"column":65}},"204":{"start":{"line":331,"column":8},"end":{"line":331,"column":54}},"205":{"start":{"line":331,"column":34},"end":{"line":331,"column":52}},"206":{"start":{"line":335,"column":13},"end":{"line":335,"column":37}},"207":{"start":{"line":336,"column":0},"end":{"line":338,"column":3}},"208":{"start":{"line":337,"column":4},"end":{"line":337,"column":65}},"209":{"start":{"line":340,"column":0},"end":{"line":340,"column":89}}},"fnMap":{"0":{"name":"(anonymous_0)","decl":{"start":{"line":23,"column":13},"end":{"line":23,"column":14}},"loc":{"start":{"line":23,"column":27},"end":{"line":25,"column":1}},"line":23},"1":{"name":"(anonymous_1)","decl":{"start":{"line":27,"column":21},"end":{"line":27,"column":22}},"loc":{"start":{"line":27,"column":29},"end":{"line":115,"column":1}},"line":27},"2":{"name":"(anonymous_2)","decl":{"start":{"line":34,"column":21},"end":{"line":34,"column":22}},"loc":{"start":{"line":34,"column":34},"end":{"line":106,"column":5}},"line":34},"3":{"name":"(anonymous_3)","decl":{"start":{"line":60,"column":28},"end":{"line":60,"column":29}},"loc":{"start":{"line":60,"column":38},"end":{"line":62,"column":13}},"line":60},"4":{"name":"(anonymous_4)","decl":{"start":{"line":71,"column":32},"end":{"line":71,"column":33}},"loc":{"start":{"line":71,"column":42},"end":{"line":75,"column":17}},"line":71},"5":{"name":"(anonymous_5)","decl":{"start":{"line":83,"column":42},"end":{"line":83,"column":43}},"loc":{"start":{"line":83,"column":52},"end":{"line":83,"column":70}},"line":83},"6":{"name":"(anonymous_6)","decl":{"start":{"line":84,"column":28},"end":{"line":84,"column":29}},"loc":{"start":{"line":84,"column":38},"end":{"line":86,"column":13}},"line":84},"7":{"name":"(anonymous_7)","decl":{"start":{"line":85,"column":95},"end":{"line":85,"column":96}},"loc":{"start":{"line":85,"column":105},"end":{"line":85,"column":116}},"line":85},"8":{"name":"(anonymous_8)","decl":{"start":{"line":89,"column":28},"end":{"line":89,"column":29}},"loc":{"start":{"line":89,"column":38},"end":{"line":91,"column":13}},"line":89},"9":{"name":"(anonymous_9)","decl":{"start":{"line":95,"column":28},"end":{"line":95,"column":29}},"loc":{"start":{"line":95,"column":38},"end":{"line":97,"column":13}},"line":95},"10":{"name":"(anonymous_10)","decl":{"start":{"line":108,"column":19},"end":{"line":108,"column":20}},"loc":{"start":{"line":108,"column":25},"end":{"line":114,"column":5}},"line":108},"11":{"name":"(anonymous_11)","decl":{"start":{"line":109,"column":33},"end":{"line":109,"column":34}},"loc":{"start":{"line":109,"column":43},"end":{"line":109,"column":59}},"line":109},"12":{"name":"(anonymous_12)","decl":{"start":{"line":110,"column":24},"end":{"line":110,"column":25}},"loc":{"start":{"line":110,"column":34},"end":{"line":112,"column":9}},"line":110},"13":{"name":"checkPlayerNameValid","decl":{"start":{"line":119,"column":11},"end":{"line":119,"column":31}},"loc":{"start":{"line":119,"column":57},"end":{"line":134,"column":1}},"line":119},"14":{"name":"(anonymous_14)","decl":{"start":{"line":120,"column":39},"end":{"line":120,"column":40}},"loc":{"start":{"line":120,"column":49},"end":{"line":120,"column":60}},"line":120},"15":{"name":"beginDayTimer","decl":{"start":{"line":137,"column":11},"end":{"line":137,"column":24}},"loc":{"start":{"line":137,"column":27},"end":{"line":159,"column":1}},"line":137},"16":{"name":"(anonymous_16)","decl":{"start":{"line":142,"column":20},"end":{"line":142,"column":21}},"loc":{"start":{"line":142,"column":30},"end":{"line":144,"column":5}},"line":142},"17":{"name":"(anonymous_17)","decl":{"start":{"line":146,"column":32},"end":{"line":146,"column":33}},"loc":{"start":{"line":146,"column":38},"end":{"line":158,"column":5}},"line":146},"18":{"name":"(anonymous_18)","decl":{"start":{"line":154,"column":28},"end":{"line":154,"column":29}},"loc":{"start":{"line":154,"column":38},"end":{"line":156,"column":13}},"line":154},"19":{"name":"beginNightTimer","decl":{"start":{"line":161,"column":9},"end":{"line":161,"column":24}},"loc":{"start":{"line":161,"column":27},"end":{"line":183,"column":1}},"line":161},"20":{"name":"(anonymous_20)","decl":{"start":{"line":166,"column":20},"end":{"line":166,"column":21}},"loc":{"start":{"line":166,"column":30},"end":{"line":168,"column":5}},"line":166},"21":{"name":"(anonymous_21)","decl":{"start":{"line":170,"column":32},"end":{"line":170,"column":33}},"loc":{"start":{"line":170,"column":38},"end":{"line":182,"column":5}},"line":170},"22":{"name":"(anonymous_22)","decl":{"start":{"line":178,"column":28},"end":{"line":178,"column":29}},"loc":{"start":{"line":178,"column":38},"end":{"line":180,"column":13}},"line":178},"23":{"name":"doPhaseChange","decl":{"start":{"line":185,"column":9},"end":{"line":185,"column":22}},"loc":{"start":{"line":185,"column":25},"end":{"line":195,"column":1}},"line":185},"24":{"name":"(anonymous_24)","decl":{"start":{"line":192,"column":20},"end":{"line":192,"column":21}},"loc":{"start":{"line":192,"column":30},"end":{"line":194,"column":5}},"line":192},"25":{"name":"updateCurrentPlayersList","decl":{"start":{"line":197,"column":9},"end":{"line":197,"column":33}},"loc":{"start":{"line":197,"column":36},"end":{"line":201,"column":1}},"line":197},"26":{"name":"(anonymous_26)","decl":{"start":{"line":198,"column":20},"end":{"line":198,"column":21}},"loc":{"start":{"line":198,"column":30},"end":{"line":200,"column":5}},"line":198},"27":{"name":"(anonymous_27)","decl":{"start":{"line":199,"column":101},"end":{"line":199,"column":102}},"loc":{"start":{"line":199,"column":111},"end":{"line":199,"column":122}},"line":199},"28":{"name":"checkWinConditions","decl":{"start":{"line":203,"column":9},"end":{"line":203,"column":27}},"loc":{"start":{"line":203,"column":30},"end":{"line":218,"column":1}},"line":203},"29":{"name":"(anonymous_29)","decl":{"start":{"line":204,"column":38},"end":{"line":204,"column":39}},"loc":{"start":{"line":204,"column":48},"end":{"line":204,"column":93}},"line":204},"30":{"name":"(anonymous_30)","decl":{"start":{"line":205,"column":40},"end":{"line":205,"column":41}},"loc":{"start":{"line":205,"column":50},"end":{"line":205,"column":97}},"line":205},"31":{"name":"(anonymous_31)","decl":{"start":{"line":208,"column":24},"end":{"line":208,"column":25}},"loc":{"start":{"line":208,"column":34},"end":{"line":211,"column":9}},"line":208},"32":{"name":"(anonymous_32)","decl":{"start":{"line":213,"column":24},"end":{"line":213,"column":25}},"loc":{"start":{"line":213,"column":34},"end":{"line":216,"column":9}},"line":213},"33":{"name":"isMafia","decl":{"start":{"line":220,"column":9},"end":{"line":220,"column":16}},"loc":{"start":{"line":220,"column":23},"end":{"line":225,"column":1}},"line":220},"34":{"name":"kickExcessPlayers","decl":{"start":{"line":227,"column":9},"end":{"line":227,"column":26}},"loc":{"start":{"line":227,"column":39},"end":{"line":232,"column":1}},"line":227},"35":{"name":"assignRoles","decl":{"start":{"line":234,"column":9},"end":{"line":234,"column":20}},"loc":{"start":{"line":234,"column":52},"end":{"line":253,"column":1}},"line":234},"36":{"name":"(anonymous_36)","decl":{"start":{"line":240,"column":20},"end":{"line":240,"column":21}},"loc":{"start":{"line":240,"column":39},"end":{"line":252,"column":5}},"line":240},"37":{"name":"generateRoles","decl":{"start":{"line":255,"column":9},"end":{"line":255,"column":22}},"loc":{"start":{"line":255,"column":44},"end":{"line":264,"column":1}},"line":255},"38":{"name":"(anonymous_38)","decl":{"start":{"line":263,"column":27},"end":{"line":263,"column":28}},"loc":{"start":{"line":263,"column":33},"end":{"line":263,"column":52}},"line":263},"39":{"name":"handleVoting","decl":{"start":{"line":266,"column":9},"end":{"line":266,"column":21}},"loc":{"start":{"line":266,"column":48},"end":{"line":333,"column":1}},"line":266},"40":{"name":"(anonymous_40)","decl":{"start":{"line":267,"column":38},"end":{"line":267,"column":39}},"loc":{"start":{"line":267,"column":48},"end":{"line":267,"column":74}},"line":267},"41":{"name":"(anonymous_41)","decl":{"start":{"line":275,"column":40},"end":{"line":275,"column":41}},"loc":{"start":{"line":275,"column":50},"end":{"line":275,"column":68}},"line":275},"42":{"name":"(anonymous_42)","decl":{"start":{"line":276,"column":45},"end":{"line":276,"column":46}},"loc":{"start":{"line":276,"column":55},"end":{"line":276,"column":70}},"line":276},"43":{"name":"(anonymous_43)","decl":{"start":{"line":282,"column":29},"end":{"line":282,"column":30}},"loc":{"start":{"line":282,"column":39},"end":{"line":285,"column":9}},"line":282},"44":{"name":"(anonymous_44)","decl":{"start":{"line":300,"column":51},"end":{"line":300,"column":52}},"loc":{"start":{"line":300,"column":61},"end":{"line":300,"column":93}},"line":300},"45":{"name":"(anonymous_45)","decl":{"start":{"line":310,"column":28},"end":{"line":310,"column":29}},"loc":{"start":{"line":310,"column":38},"end":{"line":312,"column":13}},"line":310},"46":{"name":"(anonymous_46)","decl":{"start":{"line":314,"column":28},"end":{"line":314,"column":29}},"loc":{"start":{"line":314,"column":38},"end":{"line":316,"column":13}},"line":314},"47":{"name":"(anonymous_47)","decl":{"start":{"line":318,"column":51},"end":{"line":318,"column":52}},"loc":{"start":{"line":318,"column":61},"end":{"line":318,"column":93}},"line":318},"48":{"name":"(anonymous_48)","decl":{"start":{"line":322,"column":28},"end":{"line":322,"column":29}},"loc":{"start":{"line":322,"column":38},"end":{"line":324,"column":13}},"line":322},"49":{"name":"(anonymous_49)","decl":{"start":{"line":331,"column":24},"end":{"line":331,"column":25}},"loc":{"start":{"line":331,"column":34},"end":{"line":331,"column":52}},"line":331},"50":{"name":"(anonymous_50)","decl":{"start":{"line":336,"column":20},"end":{"line":336,"column":21}},"loc":{"start":{"line":336,"column":26},"end":{"line":338,"column":1}},"line":336}},"branchMap":{"0":{"loc":{"start":{"line":37,"column":8},"end":{"line":105,"column":9}},"type":"if","locations":[{"start":{"line":37,"column":8},"end":{"line":105,"column":9}},{"start":{"line":63,"column":15},"end":{"line":105,"column":9}}],"line":37},"1":{"loc":{"start":{"line":44,"column":12},"end":{"line":46,"column":13}},"type":"if","locations":[{"start":{"line":44,"column":12},"end":{"line":46,"column":13}},{"start":{},"end":{}}],"line":44},"2":{"loc":{"start":{"line":54,"column":12},"end":{"line":58,"column":13}},"type":"if","locations":[{"start":{"line":54,"column":12},"end":{"line":58,"column":13}},{"start":{"line":56,"column":19},"end":{"line":58,"column":13}}],"line":54},"3":{"loc":{"start":{"line":63,"column":15},"end":{"line":105,"column":9}},"type":"if","locations":[{"start":{"line":63,"column":15},"end":{"line":105,"column":9}},{"start":{"line":80,"column":15},"end":{"line":105,"column":9}}],"line":63},"4":{"loc":{"start":{"line":69,"column":12},"end":{"line":79,"column":13}},"type":"if","locations":[{"start":{"line":69,"column":12},"end":{"line":79,"column":13}},{"start":{"line":77,"column":19},"end":{"line":79,"column":13}}],"line":69},"5":{"loc":{"start":{"line":80,"column":15},"end":{"line":105,"column":9}},"type":"if","locations":[{"start":{"line":80,"column":15},"end":{"line":105,"column":9}},{"start":{"line":82,"column":15},"end":{"line":105,"column":9}}],"line":80},"6":{"loc":{"start":{"line":82,"column":15},"end":{"line":105,"column":9}},"type":"if","locations":[{"start":{"line":82,"column":15},"end":{"line":105,"column":9}},{"start":{"line":87,"column":15},"end":{"line":105,"column":9}}],"line":82},"7":{"loc":{"start":{"line":87,"column":15},"end":{"line":105,"column":9}},"type":"if","locations":[{"start":{"line":87,"column":15},"end":{"line":105,"column":9}},{"start":{"line":93,"column":15},"end":{"line":105,"column":9}}],"line":87},"8":{"loc":{"start":{"line":93,"column":15},"end":{"line":105,"column":9}},"type":"if","locations":[{"start":{"line":93,"column":15},"end":{"line":105,"column":9}},{"start":{"line":99,"column":15},"end":{"line":105,"column":9}}],"line":93},"9":{"loc":{"start":{"line":99,"column":15},"end":{"line":105,"column":9}},"type":"if","locations":[{"start":{"line":99,"column":15},"end":{"line":105,"column":9}},{"start":{"line":102,"column":15},"end":{"line":105,"column":9}}],"line":99},"10":{"loc":{"start":{"line":102,"column":15},"end":{"line":105,"column":9}},"type":"if","locations":[{"start":{"line":102,"column":15},"end":{"line":105,"column":9}},{"start":{},"end":{}}],"line":102},"11":{"loc":{"start":{"line":122,"column":4},"end":{"line":125,"column":5}},"type":"if","locations":[{"start":{"line":122,"column":4},"end":{"line":125,"column":5}},{"start":{},"end":{}}],"line":122},"12":{"loc":{"start":{"line":127,"column":4},"end":{"line":130,"column":5}},"type":"if","locations":[{"start":{"line":127,"column":4},"end":{"line":130,"column":5}},{"start":{},"end":{}}],"line":127},"13":{"loc":{"start":{"line":138,"column":4},"end":{"line":140,"column":5}},"type":"if","locations":[{"start":{"line":138,"column":4},"end":{"line":140,"column":5}},{"start":{},"end":{}}],"line":138},"14":{"loc":{"start":{"line":150,"column":8},"end":{"line":157,"column":9}},"type":"if","locations":[{"start":{"line":150,"column":8},"end":{"line":157,"column":9}},{"start":{"line":153,"column":15},"end":{"line":157,"column":9}}],"line":150},"15":{"loc":{"start":{"line":162,"column":4},"end":{"line":164,"column":5}},"type":"if","locations":[{"start":{"line":162,"column":4},"end":{"line":164,"column":5}},{"start":{},"end":{}}],"line":162},"16":{"loc":{"start":{"line":174,"column":8},"end":{"line":181,"column":9}},"type":"if","locations":[{"start":{"line":174,"column":8},"end":{"line":181,"column":9}},{"start":{"line":177,"column":15},"end":{"line":181,"column":9}}],"line":174},"17":{"loc":{"start":{"line":186,"column":4},"end":{"line":190,"column":5}},"type":"if","locations":[{"start":{"line":186,"column":4},"end":{"line":190,"column":5}},{"start":{"line":188,"column":11},"end":{"line":190,"column":5}}],"line":186},"18":{"loc":{"start":{"line":204,"column":48},"end":{"line":204,"column":93}},"type":"binary-expr","locations":[{"start":{"line":204,"column":48},"end":{"line":204,"column":71}},{"start":{"line":204,"column":75},"end":{"line":204,"column":93}}],"line":204},"19":{"loc":{"start":{"line":205,"column":50},"end":{"line":205,"column":97}},"type":"binary-expr","locations":[{"start":{"line":205,"column":50},"end":{"line":205,"column":75}},{"start":{"line":205,"column":79},"end":{"line":205,"column":97}}],"line":205},"20":{"loc":{"start":{"line":207,"column":4},"end":{"line":217,"column":5}},"type":"if","locations":[{"start":{"line":207,"column":4},"end":{"line":217,"column":5}},{"start":{"line":212,"column":11},"end":{"line":217,"column":5}}],"line":207},"21":{"loc":{"start":{"line":209,"column":28},"end":{"line":209,"column":80}},"type":"cond-expr","locations":[{"start":{"line":209,"column":56},"end":{"line":209,"column":66}},{"start":{"line":209,"column":69},"end":{"line":209,"column":80}}],"line":209},"22":{"loc":{"start":{"line":212,"column":11},"end":{"line":217,"column":5}},"type":"if","locations":[{"start":{"line":212,"column":11},"end":{"line":217,"column":5}},{"start":{},"end":{}}],"line":212},"23":{"loc":{"start":{"line":214,"column":28},"end":{"line":214,"column":78}},"type":"cond-expr","locations":[{"start":{"line":214,"column":54},"end":{"line":214,"column":64}},{"start":{"line":214,"column":67},"end":{"line":214,"column":78}}],"line":214},"24":{"loc":{"start":{"line":221,"column":4},"end":{"line":223,"column":5}},"type":"if","locations":[{"start":{"line":221,"column":4},"end":{"line":223,"column":5}},{"start":{},"end":{}}],"line":221},"25":{"loc":{"start":{"line":241,"column":8},"end":{"line":251,"column":9}},"type":"if","locations":[{"start":{"line":241,"column":8},"end":{"line":251,"column":9}},{"start":{},"end":{}}],"line":241},"26":{"loc":{"start":{"line":244,"column":12},"end":{"line":248,"column":13}},"type":"if","locations":[{"start":{"line":244,"column":12},"end":{"line":248,"column":13}},{"start":{"line":246,"column":19},"end":{"line":248,"column":13}}],"line":244},"27":{"loc":{"start":{"line":269,"column":4},"end":{"line":271,"column":5}},"type":"if","locations":[{"start":{"line":269,"column":4},"end":{"line":271,"column":5}},{"start":{},"end":{}}],"line":269},"28":{"loc":{"start":{"line":269,"column":8},"end":{"line":269,"column":48}},"type":"binary-expr","locations":[{"start":{"line":269,"column":8},"end":{"line":269,"column":21}},{"start":{"line":269,"column":25},"end":{"line":269,"column":48}}],"line":269},"29":{"loc":{"start":{"line":278,"column":4},"end":{"line":332,"column":5}},"type":"if","locations":[{"start":{"line":278,"column":4},"end":{"line":332,"column":5}},{"start":{},"end":{}}],"line":278},"30":{"loc":{"start":{"line":284,"column":36},"end":{"line":284,"column":61}},"type":"binary-expr","locations":[{"start":{"line":284,"column":36},"end":{"line":284,"column":56}},{"start":{"line":284,"column":60},"end":{"line":284,"column":61}}],"line":284},"31":{"loc":{"start":{"line":297,"column":12},"end":{"line":306,"column":13}},"type":"if","locations":[{"start":{"line":297,"column":12},"end":{"line":306,"column":13}},{"start":{"line":302,"column":19},"end":{"line":306,"column":13}}],"line":297},"32":{"loc":{"start":{"line":297,"column":16},"end":{"line":297,"column":55}},"type":"binary-expr","locations":[{"start":{"line":297,"column":16},"end":{"line":297,"column":35}},{"start":{"line":297,"column":39},"end":{"line":297,"column":55}}],"line":297},"33":{"loc":{"start":{"line":302,"column":19},"end":{"line":306,"column":13}},"type":"if","locations":[{"start":{"line":302,"column":19},"end":{"line":306,"column":13}},{"start":{"line":304,"column":19},"end":{"line":306,"column":13}}],"line":302},"34":{"loc":{"start":{"line":302,"column":22},"end":{"line":302,"column":75}},"type":"binary-expr","locations":[{"start":{"line":302,"column":22},"end":{"line":302,"column":40}},{"start":{"line":302,"column":44},"end":{"line":302,"column":75}}],"line":302},"35":{"loc":{"start":{"line":304,"column":19},"end":{"line":306,"column":13}},"type":"if","locations":[{"start":{"line":304,"column":19},"end":{"line":306,"column":13}},{"start":{},"end":{}}],"line":304},"36":{"loc":{"start":{"line":309,"column":8},"end":{"line":329,"column":9}},"type":"if","locations":[{"start":{"line":309,"column":8},"end":{"line":329,"column":9}},{"start":{"line":313,"column":15},"end":{"line":329,"column":9}}],"line":309},"37":{"loc":{"start":{"line":313,"column":15},"end":{"line":329,"column":9}},"type":"if","locations":[{"start":{"line":313,"column":15},"end":{"line":329,"column":9}},{"start":{"line":317,"column":15},"end":{"line":329,"column":9}}],"line":313},"38":{"loc":{"start":{"line":317,"column":15},"end":{"line":329,"column":9}},"type":"if","locations":[{"start":{"line":317,"column":15},"end":{"line":329,"column":9}},{"start":{"line":327,"column":16},"end":{"line":329,"column":9}}],"line":317},"39":{"loc":{"start":{"line":335,"column":13},"end":{"line":335,"column":37}},"type":"binary-expr","locations":[{"start":{"line":335,"column":13},"end":{"line":335,"column":29}},{"start":{"line":335,"column":33},"end":{"line":335,"column":37}}],"line":335}},"s":{"0":1,"1":1,"2":1,"3":1,"4":1,"5":1,"6":1,"7":1,"8":1,"9":1,"10":1,"11":1,"12":1,"13":1,"14":1,"15":1,"16":0,"17":1,"18":0,"19":0,"20":0,"21":0,"22":0,"23":0,"24":0,"25":0,"26":0,"27":0,"28":0,"29":0,"30":0,"31":0,"32":0,"33":0,"34":0,"35":0,"36":0,"37":0,"38":0,"39":0,"40":0,"41":0,"42":0,"43":0,"44":0,"45":0,"46":0,"47":0,"48":0,"49":0,"50":0,"51":0,"52":0,"53":0,"54":0,"55":0,"56":0,"57":0,"58":0,"59":0,"60":0,"61":0,"62":0,"63":0,"64":0,"65":0,"66":0,"67":0,"68":0,"69":0,"70":0,"71":0,"72":0,"73":0,"74":0,"75":0,"76":0,"77":0,"78":0,"79":3,"80":6,"81":3,"82":1,"83":1,"84":2,"85":1,"86":1,"87":1,"88":1,"89":0,"90":0,"91":0,"92":0,"93":0,"94":0,"95":0,"96":0,"97":0,"98":0,"99":0,"100":0,"101":0,"102":0,"103":0,"104":0,"105":0,"106":0,"107":0,"108":0,"109":0,"110":0,"111":0,"112":0,"113":0,"114":0,"115":0,"116":0,"117":0,"118":0,"119":0,"120":0,"121":0,"122":0,"123":0,"124":0,"125":0,"126":0,"127":0,"128":0,"129":0,"130":0,"131":0,"132":0,"133":2,"134":1,"135":1,"136":0,"137":0,"138":0,"139":0,"140":0,"141":0,"142":0,"143":0,"144":0,"145":0,"146":0,"147":0,"148":0,"149":0,"150":0,"151":4,"152":4,"153":4,"154":4,"155":48,"156":0,"157":0,"158":0,"159":0,"160":0,"161":0,"162":0,"163":0,"164":0,"165":0,"166":0,"167":0,"168":0,"169":0,"170":0,"171":0,"172":0,"173":0,"174":0,"175":0,"176":0,"177":0,"178":0,"179":0,"180":0,"181":0,"182":0,"183":0,"184":0,"185":0,"186":0,"187":0,"188":0,"189":0,"190":0,"191":0,"192":0,"193":0,"194":0,"195":0,"196":0,"197":0,"198":0,"199":0,"200":0,"201":0,"202":0,"203":0,"204":0,"205":0,"206":1,"207":1,"208":0,"209":1},"f":{"0":0,"1":0,"2":0,"3":0,"4":0,"5":0,"6":0,"7":0,"8":0,"9":0,"10":0,"11":0,"12":0,"13":3,"14":6,"15":0,"16":0,"17":0,"18":0,"19":0,"20":0,"21":0,"22":0,"23":0,"24":0,"25":0,"26":0,"27":0,"28":0,"29":0,"30":0,"31":0,"32":0,"33":2,"34":0,"35":0,"36":0,"37":4,"38":48,"39":0,"40":0,"41":0,"42":0,"43":0,"44":0,"45":0,"46":0,"47":0,"48":0,"49":0,"50":0},"b":{"0":[0,0],"1":[0,0],"2":[0,0],"3":[0,0],"4":[0,0],"5":[0,0],"6":[0,0],"7":[0,0],"8":[0,0],"9":[0,0],"10":[0,0],"11":[1,2],"12":[1,1],"13":[0,0],"14":[0,0],"15":[0,0],"16":[0,0],"17":[0,0],"18":[0,0],"19":[0,0],"20":[0,0],"21":[0,0],"22":[0,0],"23":[0,0],"24":[1,1],"25":[0,0],"26":[0,0],"27":[0,0],"28":[0,0],"29":[0,0],"30":[0,0],"31":[0,0],"32":[0,0],"33":[0,0],"34":[0,0],"35":[0,0],"36":[0,0],"37":[0,0],"38":[0,0],"39":[1,1]},"_coverageSchema":"1a1c01bbd47fc00a2c39e90264f33305004495a9","hash":"aef90a4ac8c711f07946f06893b16a85f50b70eb"}
,"C:\\Users\\snowc\\OneDrive\\Documents\\Mafia\\applebaum-final-projects-mafia-uhh\\server\\mafiaParameters.js": {"path":"C:\\Users\\snowc\\OneDrive\\Documents\\Mafia\\applebaum-final-projects-mafia-uhh\\server\\mafiaParameters.js","statementMap":{"0":{"start":{"line":1,"column":14},"end":{"line":7,"column":1}},"1":{"start":{"line":9,"column":17},"end":{"line":12,"column":1}},"2":{"start":{"line":14,"column":0},"end":{"line":14,"column":37}}},"fnMap":{},"branchMap":{},"s":{"0":1,"1":1,"2":1},"f":{},"b":{},"_coverageSchema":"1a1c01bbd47fc00a2c39e90264f33305004495a9","hash":"4a9429665b69758cec57f02876981a4cbd6af84f"}
,"C:\\Users\\snowc\\OneDrive\\Documents\\Mafia\\applebaum-final-projects-mafia-uhh\\server\\player.js": {"path":"C:\\Users\\snowc\\OneDrive\\Documents\\Mafia\\applebaum-final-projects-mafia-uhh\\server\\player.js","statementMap":{"0":{"start":{"line":3,"column":6},"end":{"line":3,"column":23}},"1":{"start":{"line":4,"column":6},"end":{"line":4,"column":23}},"2":{"start":{"line":5,"column":6},"end":{"line":5,"column":30}},"3":{"start":{"line":6,"column":6},"end":{"line":6,"column":28}},"4":{"start":{"line":7,"column":6},"end":{"line":7,"column":29}},"5":{"start":{"line":8,"column":6},"end":{"line":8,"column":26}},"6":{"start":{"line":9,"column":6},"end":{"line":9,"column":23}},"7":{"start":{"line":13,"column":6},"end":{"line":13,"column":27}},"8":{"start":{"line":14,"column":6},"end":{"line":14,"column":31}},"9":{"start":{"line":18,"column":6},"end":{"line":18,"column":28}},"10":{"start":{"line":19,"column":6},"end":{"line":19,"column":29}},"11":{"start":{"line":23,"column":8},"end":{"line":23,"column":31}},"12":{"start":{"line":28,"column":2},"end":{"line":28,"column":26}}},"fnMap":{"0":{"name":"(anonymous_0)","decl":{"start":{"line":2,"column":4},"end":{"line":2,"column":5}},"loc":{"start":{"line":2,"column":28},"end":{"line":10,"column":5}},"line":2},"1":{"name":"(anonymous_1)","decl":{"start":{"line":12,"column":4},"end":{"line":12,"column":5}},"loc":{"start":{"line":12,"column":20},"end":{"line":15,"column":5}},"line":12},"2":{"name":"(anonymous_2)","decl":{"start":{"line":17,"column":4},"end":{"line":17,"column":5}},"loc":{"start":{"line":17,"column":16},"end":{"line":20,"column":5}},"line":17},"3":{"name":"(anonymous_3)","decl":{"start":{"line":22,"column":4},"end":{"line":22,"column":5}},"loc":{"start":{"line":22,"column":16},"end":{"line":24,"column":5}},"line":22}},"branchMap":{},"s":{"0":0,"1":0,"2":0,"3":0,"4":0,"5":0,"6":0,"7":0,"8":0,"9":0,"10":0,"11":0,"12":1},"f":{"0":0,"1":0,"2":0,"3":0},"b":{},"_coverageSchema":"1a1c01bbd47fc00a2c39e90264f33305004495a9","hash":"eb09ddef22e709d6a3bed2a87777afd201199502"}
}
