{"C:\\Users\\owner\\Documents\\GitHub\\applebaum-final-projects-mafia-uhh\\server\\index.js": {"path":"C:\\Users\\owner\\Documents\\GitHub\\applebaum-final-projects-mafia-uhh\\server\\index.js","statementMap":{"0":{"start":{"line":1,"column":16},"end":{"line":1,"column":34}},"1":{"start":{"line":2,"column":13},"end":{"line":2,"column":28}},"2":{"start":{"line":3,"column":18},"end":{"line":3,"column":31}},"3":{"start":{"line":4,"column":28},"end":{"line":4,"column":56}},"4":{"start":{"line":5,"column":15},"end":{"line":5,"column":34}},"5":{"start":{"line":7,"column":12},"end":{"line":7,"column":21}},"6":{"start":{"line":8,"column":15},"end":{"line":8,"column":37}},"7":{"start":{"line":9,"column":12},"end":{"line":9,"column":57}},"8":{"start":{"line":11,"column":13},"end":{"line":11,"column":28}},"9":{"start":{"line":12,"column":0},"end":{"line":12,"column":16}},"10":{"start":{"line":14,"column":14},"end":{"line":14,"column":16}},"11":{"start":{"line":17,"column":16},"end":{"line":17,"column":21}},"12":{"start":{"line":18,"column":20},"end":{"line":18,"column":24}},"13":{"start":{"line":19,"column":19},"end":{"line":19,"column":21}},"14":{"start":{"line":21,"column":0},"end":{"line":21,"column":34}},"15":{"start":{"line":23,"column":0},"end":{"line":25,"column":3}},"16":{"start":{"line":24,"column":4},"end":{"line":24,"column":47}},"17":{"start":{"line":27,"column":0},"end":{"line":119,"column":3}},"18":{"start":{"line":28,"column":4},"end":{"line":28,"column":57}},"19":{"start":{"line":32,"column":4},"end":{"line":32,"column":61}},"20":{"start":{"line":34,"column":4},"end":{"line":110,"column":7}},"21":{"start":{"line":35,"column":21},"end":{"line":35,"column":40}},"22":{"start":{"line":37,"column":8},"end":{"line":109,"column":9}},"23":{"start":{"line":38,"column":12},"end":{"line":38,"column":35}},"24":{"start":{"line":40,"column":12},"end":{"line":40,"column":54}},"25":{"start":{"line":42,"column":38},"end":{"line":42,"column":83}},"26":{"start":{"line":44,"column":12},"end":{"line":46,"column":13}},"27":{"start":{"line":45,"column":16},"end":{"line":45,"column":23}},"28":{"start":{"line":48,"column":30},"end":{"line":48,"column":58}},"29":{"start":{"line":49,"column":12},"end":{"line":49,"column":30}},"30":{"start":{"line":50,"column":12},"end":{"line":50,"column":36}},"31":{"start":{"line":52,"column":12},"end":{"line":52,"column":46}},"32":{"start":{"line":54,"column":12},"end":{"line":58,"column":13}},"33":{"start":{"line":55,"column":16},"end":{"line":55,"column":87}},"34":{"start":{"line":57,"column":16},"end":{"line":57,"column":111}},"35":{"start":{"line":60,"column":12},"end":{"line":62,"column":15}},"36":{"start":{"line":61,"column":16},"end":{"line":61,"column":115}},"37":{"start":{"line":63,"column":15},"end":{"line":109,"column":9}},"38":{"start":{"line":64,"column":12},"end":{"line":64,"column":82}},"39":{"start":{"line":65,"column":12},"end":{"line":65,"column":78}},"40":{"start":{"line":66,"column":12},"end":{"line":66,"column":41}},"41":{"start":{"line":68,"column":12},"end":{"line":68,"column":56}},"42":{"start":{"line":69,"column":12},"end":{"line":79,"column":13}},"43":{"start":{"line":70,"column":16},"end":{"line":70,"column":69}},"44":{"start":{"line":71,"column":16},"end":{"line":75,"column":19}},"45":{"start":{"line":72,"column":20},"end":{"line":72,"column":77}},"46":{"start":{"line":73,"column":20},"end":{"line":73,"column":69}},"47":{"start":{"line":74,"column":20},"end":{"line":74,"column":106}},"48":{"start":{"line":78,"column":16},"end":{"line":78,"column":105}},"49":{"start":{"line":80,"column":15},"end":{"line":109,"column":9}},"50":{"start":{"line":81,"column":12},"end":{"line":81,"column":54}},"51":{"start":{"line":82,"column":15},"end":{"line":109,"column":9}},"52":{"start":{"line":83,"column":12},"end":{"line":83,"column":72}},"53":{"start":{"line":83,"column":52},"end":{"line":83,"column":70}},"54":{"start":{"line":84,"column":12},"end":{"line":84,"column":39}},"55":{"start":{"line":85,"column":12},"end":{"line":87,"column":15}},"56":{"start":{"line":86,"column":16},"end":{"line":86,"column":64}},"57":{"start":{"line":88,"column":12},"end":{"line":90,"column":15}},"58":{"start":{"line":89,"column":16},"end":{"line":89,"column":172}},"59":{"start":{"line":89,"column":100},"end":{"line":89,"column":111}},"60":{"start":{"line":89,"column":155},"end":{"line":89,"column":166}},"61":{"start":{"line":91,"column":15},"end":{"line":109,"column":9}},"62":{"start":{"line":92,"column":12},"end":{"line":92,"column":76}},"63":{"start":{"line":93,"column":12},"end":{"line":95,"column":15}},"64":{"start":{"line":94,"column":16},"end":{"line":94,"column":105}},"65":{"start":{"line":96,"column":12},"end":{"line":96,"column":42}},"66":{"start":{"line":97,"column":15},"end":{"line":109,"column":9}},"67":{"start":{"line":98,"column":12},"end":{"line":98,"column":72}},"68":{"start":{"line":99,"column":12},"end":{"line":101,"column":15}},"69":{"start":{"line":100,"column":16},"end":{"line":100,"column":99}},"70":{"start":{"line":102,"column":12},"end":{"line":102,"column":38}},"71":{"start":{"line":103,"column":15},"end":{"line":109,"column":9}},"72":{"start":{"line":104,"column":12},"end":{"line":104,"column":28}},"73":{"start":{"line":105,"column":12},"end":{"line":105,"column":38}},"74":{"start":{"line":106,"column":15},"end":{"line":109,"column":9}},"75":{"start":{"line":107,"column":12},"end":{"line":107,"column":30}},"76":{"start":{"line":108,"column":12},"end":{"line":108,"column":42}},"77":{"start":{"line":112,"column":4},"end":{"line":118,"column":7}},"78":{"start":{"line":113,"column":8},"end":{"line":113,"column":61}},"79":{"start":{"line":113,"column":43},"end":{"line":113,"column":59}},"80":{"start":{"line":114,"column":8},"end":{"line":116,"column":11}},"81":{"start":{"line":115,"column":12},"end":{"line":115,"column":109}},"82":{"start":{"line":117,"column":8},"end":{"line":117,"column":42}},"83":{"start":{"line":124,"column":27},"end":{"line":124,"column":61}},"84":{"start":{"line":124,"column":49},"end":{"line":124,"column":60}},"85":{"start":{"line":126,"column":4},"end":{"line":129,"column":5}},"86":{"start":{"line":127,"column":8},"end":{"line":127,"column":127}},"87":{"start":{"line":128,"column":8},"end":{"line":128,"column":21}},"88":{"start":{"line":131,"column":4},"end":{"line":134,"column":5}},"89":{"start":{"line":132,"column":8},"end":{"line":132,"column":104}},"90":{"start":{"line":133,"column":8},"end":{"line":133,"column":21}},"91":{"start":{"line":136,"column":4},"end":{"line":136,"column":55}},"92":{"start":{"line":137,"column":4},"end":{"line":137,"column":16}},"93":{"start":{"line":142,"column":4},"end":{"line":144,"column":5}},"94":{"start":{"line":143,"column":8},"end":{"line":143,"column":37}},"95":{"start":{"line":146,"column":4},"end":{"line":148,"column":7}},"96":{"start":{"line":147,"column":8},"end":{"line":147,"column":78}},"97":{"start":{"line":150,"column":4},"end":{"line":160,"column":13}},"98":{"start":{"line":151,"column":8},"end":{"line":151,"column":46}},"99":{"start":{"line":152,"column":8},"end":{"line":152,"column":19}},"100":{"start":{"line":153,"column":8},"end":{"line":159,"column":9}},"101":{"start":{"line":154,"column":12},"end":{"line":154,"column":41}},"102":{"start":{"line":156,"column":12},"end":{"line":158,"column":15}},"103":{"start":{"line":157,"column":16},"end":{"line":157,"column":86}},"104":{"start":{"line":164,"column":4},"end":{"line":166,"column":5}},"105":{"start":{"line":165,"column":8},"end":{"line":165,"column":37}},"106":{"start":{"line":168,"column":4},"end":{"line":170,"column":7}},"107":{"start":{"line":169,"column":8},"end":{"line":169,"column":80}},"108":{"start":{"line":172,"column":4},"end":{"line":183,"column":13}},"109":{"start":{"line":173,"column":8},"end":{"line":173,"column":50}},"110":{"start":{"line":174,"column":8},"end":{"line":174,"column":21}},"111":{"start":{"line":176,"column":8},"end":{"line":182,"column":9}},"112":{"start":{"line":177,"column":12},"end":{"line":177,"column":41}},"113":{"start":{"line":179,"column":12},"end":{"line":181,"column":15}},"114":{"start":{"line":180,"column":16},"end":{"line":180,"column":88}},"115":{"start":{"line":187,"column":4},"end":{"line":189,"column":7}},"116":{"start":{"line":188,"column":8},"end":{"line":188,"column":128}},"117":{"start":{"line":188,"column":111},"end":{"line":188,"column":122}},"118":{"start":{"line":193,"column":23},"end":{"line":193,"column":101}},"119":{"start":{"line":193,"column":48},"end":{"line":193,"column":93}},"120":{"start":{"line":194,"column":25},"end":{"line":194,"column":105}},"121":{"start":{"line":194,"column":50},"end":{"line":194,"column":97}},"122":{"start":{"line":196,"column":4},"end":{"line":210,"column":5}},"123":{"start":{"line":197,"column":8},"end":{"line":197,"column":37}},"124":{"start":{"line":198,"column":8},"end":{"line":201,"column":11}},"125":{"start":{"line":199,"column":28},"end":{"line":199,"column":80}},"126":{"start":{"line":200,"column":12},"end":{"line":200,"column":125}},"127":{"start":{"line":202,"column":8},"end":{"line":202,"column":20}},"128":{"start":{"line":203,"column":11},"end":{"line":210,"column":5}},"129":{"start":{"line":204,"column":8},"end":{"line":204,"column":37}},"130":{"start":{"line":205,"column":8},"end":{"line":208,"column":11}},"131":{"start":{"line":206,"column":28},"end":{"line":206,"column":78}},"132":{"start":{"line":207,"column":12},"end":{"line":207,"column":123}},"133":{"start":{"line":209,"column":8},"end":{"line":209,"column":20}},"134":{"start":{"line":211,"column":4},"end":{"line":211,"column":17}},"135":{"start":{"line":216,"column":4},"end":{"line":218,"column":5}},"136":{"start":{"line":217,"column":8},"end":{"line":217,"column":19}},"137":{"start":{"line":219,"column":4},"end":{"line":219,"column":17}},"138":{"start":{"line":223,"column":4},"end":{"line":226,"column":5}},"139":{"start":{"line":223,"column":17},"end":{"line":223,"column":35}},"140":{"start":{"line":224,"column":8},"end":{"line":224,"column":54}},"141":{"start":{"line":225,"column":8},"end":{"line":225,"column":29}},"142":{"start":{"line":231,"column":4},"end":{"line":231,"column":54}},"143":{"start":{"line":233,"column":22},"end":{"line":233,"column":23}},"144":{"start":{"line":235,"column":4},"end":{"line":247,"column":7}},"145":{"start":{"line":236,"column":8},"end":{"line":246,"column":9}},"146":{"start":{"line":237,"column":29},"end":{"line":237,"column":52}},"147":{"start":{"line":238,"column":12},"end":{"line":238,"column":35}},"148":{"start":{"line":239,"column":12},"end":{"line":243,"column":13}},"149":{"start":{"line":240,"column":16},"end":{"line":240,"column":38}},"150":{"start":{"line":242,"column":16},"end":{"line":242,"column":40}},"151":{"start":{"line":244,"column":12},"end":{"line":244,"column":77}},"152":{"start":{"line":245,"column":12},"end":{"line":245,"column":26}},"153":{"start":{"line":249,"column":4},"end":{"line":249,"column":23}},"154":{"start":{"line":254,"column":18},"end":{"line":254,"column":57}},"155":{"start":{"line":256,"column":21},"end":{"line":256,"column":75}},"156":{"start":{"line":258,"column":23},"end":{"line":258,"column":46}},"157":{"start":{"line":260,"column":4},"end":{"line":260,"column":54}},"158":{"start":{"line":260,"column":33},"end":{"line":260,"column":52}},"159":{"start":{"line":264,"column":25},"end":{"line":264,"column":75}},"160":{"start":{"line":264,"column":48},"end":{"line":264,"column":74}},"161":{"start":{"line":266,"column":4},"end":{"line":268,"column":5}},"162":{"start":{"line":267,"column":8},"end":{"line":267,"column":15}},"163":{"start":{"line":270,"column":4},"end":{"line":270,"column":39}},"164":{"start":{"line":274,"column":4},"end":{"line":278,"column":5}},"165":{"start":{"line":275,"column":8},"end":{"line":275,"column":59}},"166":{"start":{"line":275,"column":51},"end":{"line":275,"column":57}},"167":{"start":{"line":277,"column":8},"end":{"line":277,"column":83}},"168":{"start":{"line":277,"column":55},"end":{"line":277,"column":80}},"169":{"start":{"line":280,"column":25},"end":{"line":280,"column":72}},"170":{"start":{"line":280,"column":56},"end":{"line":280,"column":71}},"171":{"start":{"line":282,"column":4},"end":{"line":282,"column":37}},"172":{"start":{"line":283,"column":4},"end":{"line":283,"column":38}},"173":{"start":{"line":285,"column":4},"end":{"line":344,"column":5}},"174":{"start":{"line":286,"column":8},"end":{"line":286,"column":26}},"175":{"start":{"line":287,"column":27},"end":{"line":287,"column":29}},"176":{"start":{"line":289,"column":8},"end":{"line":292,"column":11}},"177":{"start":{"line":290,"column":29},"end":{"line":290,"column":46}},"178":{"start":{"line":291,"column":12},"end":{"line":291,"column":67}},"179":{"start":{"line":294,"column":23},"end":{"line":294,"column":25}},"180":{"start":{"line":295,"column":31},"end":{"line":295,"column":35}},"181":{"start":{"line":296,"column":29},"end":{"line":296,"column":33}},"182":{"start":{"line":297,"column":18},"end":{"line":297,"column":23}},"183":{"start":{"line":298,"column":24},"end":{"line":298,"column":28}},"184":{"start":{"line":301,"column":8},"end":{"line":314,"column":9}},"185":{"start":{"line":302,"column":12},"end":{"line":302,"column":34}},"186":{"start":{"line":303,"column":12},"end":{"line":303,"column":31}},"187":{"start":{"line":304,"column":12},"end":{"line":313,"column":13}},"188":{"start":{"line":305,"column":16},"end":{"line":305,"column":33}},"189":{"start":{"line":306,"column":16},"end":{"line":306,"column":44}},"190":{"start":{"line":307,"column":16},"end":{"line":307,"column":100}},"191":{"start":{"line":307,"column":61},"end":{"line":307,"column":93}},"192":{"start":{"line":308,"column":16},"end":{"line":308,"column":28}},"193":{"start":{"line":309,"column":19},"end":{"line":313,"column":13}},"194":{"start":{"line":310,"column":16},"end":{"line":310,"column":34}},"195":{"start":{"line":311,"column":19},"end":{"line":313,"column":13}},"196":{"start":{"line":312,"column":16},"end":{"line":312,"column":27}},"197":{"start":{"line":316,"column":8},"end":{"line":341,"column":9}},"198":{"start":{"line":317,"column":12},"end":{"line":319,"column":15}},"199":{"start":{"line":318,"column":16},"end":{"line":318,"column":133}},"200":{"start":{"line":320,"column":15},"end":{"line":341,"column":9}},"201":{"start":{"line":321,"column":12},"end":{"line":323,"column":15}},"202":{"start":{"line":322,"column":16},"end":{"line":322,"column":119}},"203":{"start":{"line":324,"column":15},"end":{"line":341,"column":9}},"204":{"start":{"line":325,"column":38},"end":{"line":325,"column":99}},"205":{"start":{"line":325,"column":66},"end":{"line":325,"column":98}},"206":{"start":{"line":326,"column":12},"end":{"line":326,"column":42}},"207":{"start":{"line":328,"column":23},"end":{"line":328,"column":50}},"208":{"start":{"line":331,"column":12},"end":{"line":337,"column":13}},"209":{"start":{"line":332,"column":16},"end":{"line":332,"column":75}},"210":{"start":{"line":334,"column":16},"end":{"line":336,"column":19}},"211":{"start":{"line":335,"column":20},"end":{"line":335,"column":183}},"212":{"start":{"line":340,"column":12},"end":{"line":340,"column":65}},"213":{"start":{"line":343,"column":8},"end":{"line":343,"column":54}},"214":{"start":{"line":343,"column":34},"end":{"line":343,"column":52}},"215":{"start":{"line":347,"column":13},"end":{"line":347,"column":37}},"216":{"start":{"line":348,"column":0},"end":{"line":350,"column":3}},"217":{"start":{"line":349,"column":4},"end":{"line":349,"column":65}},"218":{"start":{"line":352,"column":0},"end":{"line":352,"column":144}}},"fnMap":{"0":{"name":"(anonymous_0)","decl":{"start":{"line":23,"column":13},"end":{"line":23,"column":14}},"loc":{"start":{"line":23,"column":27},"end":{"line":25,"column":1}},"line":23},"1":{"name":"(anonymous_1)","decl":{"start":{"line":27,"column":21},"end":{"line":27,"column":22}},"loc":{"start":{"line":27,"column":29},"end":{"line":119,"column":1}},"line":27},"2":{"name":"(anonymous_2)","decl":{"start":{"line":34,"column":21},"end":{"line":34,"column":22}},"loc":{"start":{"line":34,"column":34},"end":{"line":110,"column":5}},"line":34},"3":{"name":"(anonymous_3)","decl":{"start":{"line":60,"column":28},"end":{"line":60,"column":29}},"loc":{"start":{"line":60,"column":38},"end":{"line":62,"column":13}},"line":60},"4":{"name":"(anonymous_4)","decl":{"start":{"line":71,"column":32},"end":{"line":71,"column":33}},"loc":{"start":{"line":71,"column":42},"end":{"line":75,"column":17}},"line":71},"5":{"name":"(anonymous_5)","decl":{"start":{"line":83,"column":42},"end":{"line":83,"column":43}},"loc":{"start":{"line":83,"column":52},"end":{"line":83,"column":70}},"line":83},"6":{"name":"(anonymous_6)","decl":{"start":{"line":85,"column":28},"end":{"line":85,"column":29}},"loc":{"start":{"line":85,"column":38},"end":{"line":87,"column":13}},"line":85},"7":{"name":"(anonymous_7)","decl":{"start":{"line":88,"column":28},"end":{"line":88,"column":29}},"loc":{"start":{"line":88,"column":38},"end":{"line":90,"column":13}},"line":88},"8":{"name":"(anonymous_8)","decl":{"start":{"line":89,"column":90},"end":{"line":89,"column":91}},"loc":{"start":{"line":89,"column":100},"end":{"line":89,"column":111}},"line":89},"9":{"name":"(anonymous_9)","decl":{"start":{"line":89,"column":145},"end":{"line":89,"column":146}},"loc":{"start":{"line":89,"column":155},"end":{"line":89,"column":166}},"line":89},"10":{"name":"(anonymous_10)","decl":{"start":{"line":93,"column":28},"end":{"line":93,"column":29}},"loc":{"start":{"line":93,"column":38},"end":{"line":95,"column":13}},"line":93},"11":{"name":"(anonymous_11)","decl":{"start":{"line":99,"column":28},"end":{"line":99,"column":29}},"loc":{"start":{"line":99,"column":38},"end":{"line":101,"column":13}},"line":99},"12":{"name":"(anonymous_12)","decl":{"start":{"line":112,"column":19},"end":{"line":112,"column":20}},"loc":{"start":{"line":112,"column":25},"end":{"line":118,"column":5}},"line":112},"13":{"name":"(anonymous_13)","decl":{"start":{"line":113,"column":33},"end":{"line":113,"column":34}},"loc":{"start":{"line":113,"column":43},"end":{"line":113,"column":59}},"line":113},"14":{"name":"(anonymous_14)","decl":{"start":{"line":114,"column":24},"end":{"line":114,"column":25}},"loc":{"start":{"line":114,"column":34},"end":{"line":116,"column":9}},"line":114},"15":{"name":"checkPlayerNameValid","decl":{"start":{"line":123,"column":11},"end":{"line":123,"column":31}},"loc":{"start":{"line":123,"column":57},"end":{"line":138,"column":1}},"line":123},"16":{"name":"(anonymous_16)","decl":{"start":{"line":124,"column":39},"end":{"line":124,"column":40}},"loc":{"start":{"line":124,"column":49},"end":{"line":124,"column":60}},"line":124},"17":{"name":"beginDayTimer","decl":{"start":{"line":141,"column":11},"end":{"line":141,"column":24}},"loc":{"start":{"line":141,"column":27},"end":{"line":161,"column":1}},"line":141},"18":{"name":"(anonymous_18)","decl":{"start":{"line":146,"column":20},"end":{"line":146,"column":21}},"loc":{"start":{"line":146,"column":30},"end":{"line":148,"column":5}},"line":146},"19":{"name":"(anonymous_19)","decl":{"start":{"line":150,"column":32},"end":{"line":150,"column":33}},"loc":{"start":{"line":150,"column":38},"end":{"line":160,"column":5}},"line":150},"20":{"name":"(anonymous_20)","decl":{"start":{"line":156,"column":28},"end":{"line":156,"column":29}},"loc":{"start":{"line":156,"column":38},"end":{"line":158,"column":13}},"line":156},"21":{"name":"beginNightTimer","decl":{"start":{"line":163,"column":9},"end":{"line":163,"column":24}},"loc":{"start":{"line":163,"column":27},"end":{"line":184,"column":1}},"line":163},"22":{"name":"(anonymous_22)","decl":{"start":{"line":168,"column":20},"end":{"line":168,"column":21}},"loc":{"start":{"line":168,"column":30},"end":{"line":170,"column":5}},"line":168},"23":{"name":"(anonymous_23)","decl":{"start":{"line":172,"column":32},"end":{"line":172,"column":33}},"loc":{"start":{"line":172,"column":38},"end":{"line":183,"column":5}},"line":172},"24":{"name":"(anonymous_24)","decl":{"start":{"line":179,"column":28},"end":{"line":179,"column":29}},"loc":{"start":{"line":179,"column":38},"end":{"line":181,"column":13}},"line":179},"25":{"name":"updateCurrentPlayersList","decl":{"start":{"line":186,"column":9},"end":{"line":186,"column":33}},"loc":{"start":{"line":186,"column":43},"end":{"line":190,"column":1}},"line":186},"26":{"name":"(anonymous_26)","decl":{"start":{"line":187,"column":20},"end":{"line":187,"column":21}},"loc":{"start":{"line":187,"column":30},"end":{"line":189,"column":5}},"line":187},"27":{"name":"(anonymous_27)","decl":{"start":{"line":188,"column":101},"end":{"line":188,"column":102}},"loc":{"start":{"line":188,"column":111},"end":{"line":188,"column":122}},"line":188},"28":{"name":"checkWinConditions","decl":{"start":{"line":192,"column":9},"end":{"line":192,"column":27}},"loc":{"start":{"line":192,"column":37},"end":{"line":213,"column":1}},"line":192},"29":{"name":"(anonymous_29)","decl":{"start":{"line":193,"column":38},"end":{"line":193,"column":39}},"loc":{"start":{"line":193,"column":48},"end":{"line":193,"column":93}},"line":193},"30":{"name":"(anonymous_30)","decl":{"start":{"line":194,"column":40},"end":{"line":194,"column":41}},"loc":{"start":{"line":194,"column":50},"end":{"line":194,"column":97}},"line":194},"31":{"name":"(anonymous_31)","decl":{"start":{"line":198,"column":24},"end":{"line":198,"column":25}},"loc":{"start":{"line":198,"column":34},"end":{"line":201,"column":9}},"line":198},"32":{"name":"(anonymous_32)","decl":{"start":{"line":205,"column":24},"end":{"line":205,"column":25}},"loc":{"start":{"line":205,"column":34},"end":{"line":208,"column":9}},"line":205},"33":{"name":"isMafia","decl":{"start":{"line":215,"column":9},"end":{"line":215,"column":16}},"loc":{"start":{"line":215,"column":23},"end":{"line":220,"column":1}},"line":215},"34":{"name":"kickExcessPlayers","decl":{"start":{"line":222,"column":9},"end":{"line":222,"column":26}},"loc":{"start":{"line":222,"column":48},"end":{"line":227,"column":1}},"line":222},"35":{"name":"assignRoles","decl":{"start":{"line":229,"column":9},"end":{"line":229,"column":20}},"loc":{"start":{"line":229,"column":52},"end":{"line":250,"column":1}},"line":229},"36":{"name":"(anonymous_36)","decl":{"start":{"line":235,"column":20},"end":{"line":235,"column":21}},"loc":{"start":{"line":235,"column":39},"end":{"line":247,"column":5}},"line":235},"37":{"name":"generateRoles","decl":{"start":{"line":252,"column":9},"end":{"line":252,"column":22}},"loc":{"start":{"line":252,"column":44},"end":{"line":261,"column":1}},"line":252},"38":{"name":"(anonymous_38)","decl":{"start":{"line":260,"column":27},"end":{"line":260,"column":28}},"loc":{"start":{"line":260,"column":33},"end":{"line":260,"column":52}},"line":260},"39":{"name":"handleVoting","decl":{"start":{"line":263,"column":9},"end":{"line":263,"column":21}},"loc":{"start":{"line":263,"column":48},"end":{"line":345,"column":1}},"line":263},"40":{"name":"(anonymous_40)","decl":{"start":{"line":264,"column":38},"end":{"line":264,"column":39}},"loc":{"start":{"line":264,"column":48},"end":{"line":264,"column":74}},"line":264},"41":{"name":"(anonymous_41)","decl":{"start":{"line":275,"column":41},"end":{"line":275,"column":42}},"loc":{"start":{"line":275,"column":51},"end":{"line":275,"column":57}},"line":275},"42":{"name":"(anonymous_42)","decl":{"start":{"line":277,"column":44},"end":{"line":277,"column":45}},"loc":{"start":{"line":277,"column":55},"end":{"line":277,"column":80}},"line":277},"43":{"name":"(anonymous_43)","decl":{"start":{"line":280,"column":46},"end":{"line":280,"column":47}},"loc":{"start":{"line":280,"column":56},"end":{"line":280,"column":71}},"line":280},"44":{"name":"(anonymous_44)","decl":{"start":{"line":289,"column":30},"end":{"line":289,"column":31}},"loc":{"start":{"line":289,"column":40},"end":{"line":292,"column":9}},"line":289},"45":{"name":"(anonymous_45)","decl":{"start":{"line":307,"column":51},"end":{"line":307,"column":52}},"loc":{"start":{"line":307,"column":61},"end":{"line":307,"column":93}},"line":307},"46":{"name":"(anonymous_46)","decl":{"start":{"line":317,"column":28},"end":{"line":317,"column":29}},"loc":{"start":{"line":317,"column":38},"end":{"line":319,"column":13}},"line":317},"47":{"name":"(anonymous_47)","decl":{"start":{"line":321,"column":28},"end":{"line":321,"column":29}},"loc":{"start":{"line":321,"column":38},"end":{"line":323,"column":13}},"line":321},"48":{"name":"(anonymous_48)","decl":{"start":{"line":325,"column":56},"end":{"line":325,"column":57}},"loc":{"start":{"line":325,"column":66},"end":{"line":325,"column":98}},"line":325},"49":{"name":"(anonymous_49)","decl":{"start":{"line":334,"column":32},"end":{"line":334,"column":33}},"loc":{"start":{"line":334,"column":42},"end":{"line":336,"column":17}},"line":334},"50":{"name":"(anonymous_50)","decl":{"start":{"line":343,"column":24},"end":{"line":343,"column":25}},"loc":{"start":{"line":343,"column":34},"end":{"line":343,"column":52}},"line":343},"51":{"name":"(anonymous_51)","decl":{"start":{"line":348,"column":20},"end":{"line":348,"column":21}},"loc":{"start":{"line":348,"column":26},"end":{"line":350,"column":1}},"line":348}},"branchMap":{"0":{"loc":{"start":{"line":37,"column":8},"end":{"line":109,"column":9}},"type":"if","locations":[{"start":{"line":37,"column":8},"end":{"line":109,"column":9}},{"start":{"line":63,"column":15},"end":{"line":109,"column":9}}],"line":37},"1":{"loc":{"start":{"line":44,"column":12},"end":{"line":46,"column":13}},"type":"if","locations":[{"start":{"line":44,"column":12},"end":{"line":46,"column":13}},{"start":{},"end":{}}],"line":44},"2":{"loc":{"start":{"line":54,"column":12},"end":{"line":58,"column":13}},"type":"if","locations":[{"start":{"line":54,"column":12},"end":{"line":58,"column":13}},{"start":{"line":56,"column":19},"end":{"line":58,"column":13}}],"line":54},"3":{"loc":{"start":{"line":63,"column":15},"end":{"line":109,"column":9}},"type":"if","locations":[{"start":{"line":63,"column":15},"end":{"line":109,"column":9}},{"start":{"line":80,"column":15},"end":{"line":109,"column":9}}],"line":63},"4":{"loc":{"start":{"line":69,"column":12},"end":{"line":79,"column":13}},"type":"if","locations":[{"start":{"line":69,"column":12},"end":{"line":79,"column":13}},{"start":{"line":77,"column":19},"end":{"line":79,"column":13}}],"line":69},"5":{"loc":{"start":{"line":80,"column":15},"end":{"line":109,"column":9}},"type":"if","locations":[{"start":{"line":80,"column":15},"end":{"line":109,"column":9}},{"start":{"line":82,"column":15},"end":{"line":109,"column":9}}],"line":80},"6":{"loc":{"start":{"line":82,"column":15},"end":{"line":109,"column":9}},"type":"if","locations":[{"start":{"line":82,"column":15},"end":{"line":109,"column":9}},{"start":{"line":91,"column":15},"end":{"line":109,"column":9}}],"line":82},"7":{"loc":{"start":{"line":91,"column":15},"end":{"line":109,"column":9}},"type":"if","locations":[{"start":{"line":91,"column":15},"end":{"line":109,"column":9}},{"start":{"line":97,"column":15},"end":{"line":109,"column":9}}],"line":91},"8":{"loc":{"start":{"line":97,"column":15},"end":{"line":109,"column":9}},"type":"if","locations":[{"start":{"line":97,"column":15},"end":{"line":109,"column":9}},{"start":{"line":103,"column":15},"end":{"line":109,"column":9}}],"line":97},"9":{"loc":{"start":{"line":103,"column":15},"end":{"line":109,"column":9}},"type":"if","locations":[{"start":{"line":103,"column":15},"end":{"line":109,"column":9}},{"start":{"line":106,"column":15},"end":{"line":109,"column":9}}],"line":103},"10":{"loc":{"start":{"line":106,"column":15},"end":{"line":109,"column":9}},"type":"if","locations":[{"start":{"line":106,"column":15},"end":{"line":109,"column":9}},{"start":{},"end":{}}],"line":106},"11":{"loc":{"start":{"line":126,"column":4},"end":{"line":129,"column":5}},"type":"if","locations":[{"start":{"line":126,"column":4},"end":{"line":129,"column":5}},{"start":{},"end":{}}],"line":126},"12":{"loc":{"start":{"line":131,"column":4},"end":{"line":134,"column":5}},"type":"if","locations":[{"start":{"line":131,"column":4},"end":{"line":134,"column":5}},{"start":{},"end":{}}],"line":131},"13":{"loc":{"start":{"line":142,"column":4},"end":{"line":144,"column":5}},"type":"if","locations":[{"start":{"line":142,"column":4},"end":{"line":144,"column":5}},{"start":{},"end":{}}],"line":142},"14":{"loc":{"start":{"line":153,"column":8},"end":{"line":159,"column":9}},"type":"if","locations":[{"start":{"line":153,"column":8},"end":{"line":159,"column":9}},{"start":{"line":155,"column":15},"end":{"line":159,"column":9}}],"line":153},"15":{"loc":{"start":{"line":164,"column":4},"end":{"line":166,"column":5}},"type":"if","locations":[{"start":{"line":164,"column":4},"end":{"line":166,"column":5}},{"start":{},"end":{}}],"line":164},"16":{"loc":{"start":{"line":176,"column":8},"end":{"line":182,"column":9}},"type":"if","locations":[{"start":{"line":176,"column":8},"end":{"line":182,"column":9}},{"start":{"line":178,"column":15},"end":{"line":182,"column":9}}],"line":176},"17":{"loc":{"start":{"line":193,"column":48},"end":{"line":193,"column":93}},"type":"binary-expr","locations":[{"start":{"line":193,"column":48},"end":{"line":193,"column":71}},{"start":{"line":193,"column":75},"end":{"line":193,"column":93}}],"line":193},"18":{"loc":{"start":{"line":194,"column":50},"end":{"line":194,"column":97}},"type":"binary-expr","locations":[{"start":{"line":194,"column":50},"end":{"line":194,"column":75}},{"start":{"line":194,"column":79},"end":{"line":194,"column":97}}],"line":194},"19":{"loc":{"start":{"line":196,"column":4},"end":{"line":210,"column":5}},"type":"if","locations":[{"start":{"line":196,"column":4},"end":{"line":210,"column":5}},{"start":{"line":203,"column":11},"end":{"line":210,"column":5}}],"line":196},"20":{"loc":{"start":{"line":199,"column":28},"end":{"line":199,"column":80}},"type":"cond-expr","locations":[{"start":{"line":199,"column":56},"end":{"line":199,"column":66}},{"start":{"line":199,"column":69},"end":{"line":199,"column":80}}],"line":199},"21":{"loc":{"start":{"line":203,"column":11},"end":{"line":210,"column":5}},"type":"if","locations":[{"start":{"line":203,"column":11},"end":{"line":210,"column":5}},{"start":{},"end":{}}],"line":203},"22":{"loc":{"start":{"line":206,"column":28},"end":{"line":206,"column":78}},"type":"cond-expr","locations":[{"start":{"line":206,"column":54},"end":{"line":206,"column":64}},{"start":{"line":206,"column":67},"end":{"line":206,"column":78}}],"line":206},"23":{"loc":{"start":{"line":216,"column":4},"end":{"line":218,"column":5}},"type":"if","locations":[{"start":{"line":216,"column":4},"end":{"line":218,"column":5}},{"start":{},"end":{}}],"line":216},"24":{"loc":{"start":{"line":236,"column":8},"end":{"line":246,"column":9}},"type":"if","locations":[{"start":{"line":236,"column":8},"end":{"line":246,"column":9}},{"start":{},"end":{}}],"line":236},"25":{"loc":{"start":{"line":239,"column":12},"end":{"line":243,"column":13}},"type":"if","locations":[{"start":{"line":239,"column":12},"end":{"line":243,"column":13}},{"start":{"line":241,"column":19},"end":{"line":243,"column":13}}],"line":239},"26":{"loc":{"start":{"line":266,"column":4},"end":{"line":268,"column":5}},"type":"if","locations":[{"start":{"line":266,"column":4},"end":{"line":268,"column":5}},{"start":{},"end":{}}],"line":266},"27":{"loc":{"start":{"line":266,"column":8},"end":{"line":266,"column":48}},"type":"binary-expr","locations":[{"start":{"line":266,"column":8},"end":{"line":266,"column":21}},{"start":{"line":266,"column":25},"end":{"line":266,"column":48}}],"line":266},"28":{"loc":{"start":{"line":274,"column":4},"end":{"line":278,"column":5}},"type":"if","locations":[{"start":{"line":274,"column":4},"end":{"line":278,"column":5}},{"start":{"line":276,"column":10},"end":{"line":278,"column":5}}],"line":274},"29":{"loc":{"start":{"line":285,"column":4},"end":{"line":344,"column":5}},"type":"if","locations":[{"start":{"line":285,"column":4},"end":{"line":344,"column":5}},{"start":{},"end":{}}],"line":285},"30":{"loc":{"start":{"line":291,"column":36},"end":{"line":291,"column":61}},"type":"binary-expr","locations":[{"start":{"line":291,"column":36},"end":{"line":291,"column":56}},{"start":{"line":291,"column":60},"end":{"line":291,"column":61}}],"line":291},"31":{"loc":{"start":{"line":304,"column":12},"end":{"line":313,"column":13}},"type":"if","locations":[{"start":{"line":304,"column":12},"end":{"line":313,"column":13}},{"start":{"line":309,"column":19},"end":{"line":313,"column":13}}],"line":304},"32":{"loc":{"start":{"line":304,"column":16},"end":{"line":304,"column":55}},"type":"binary-expr","locations":[{"start":{"line":304,"column":16},"end":{"line":304,"column":35}},{"start":{"line":304,"column":39},"end":{"line":304,"column":55}}],"line":304},"33":{"loc":{"start":{"line":309,"column":19},"end":{"line":313,"column":13}},"type":"if","locations":[{"start":{"line":309,"column":19},"end":{"line":313,"column":13}},{"start":{"line":311,"column":19},"end":{"line":313,"column":13}}],"line":309},"34":{"loc":{"start":{"line":309,"column":22},"end":{"line":309,"column":75}},"type":"binary-expr","locations":[{"start":{"line":309,"column":22},"end":{"line":309,"column":40}},{"start":{"line":309,"column":44},"end":{"line":309,"column":75}}],"line":309},"35":{"loc":{"start":{"line":311,"column":19},"end":{"line":313,"column":13}},"type":"if","locations":[{"start":{"line":311,"column":19},"end":{"line":313,"column":13}},{"start":{},"end":{}}],"line":311},"36":{"loc":{"start":{"line":316,"column":8},"end":{"line":341,"column":9}},"type":"if","locations":[{"start":{"line":316,"column":8},"end":{"line":341,"column":9}},{"start":{"line":320,"column":15},"end":{"line":341,"column":9}}],"line":316},"37":{"loc":{"start":{"line":320,"column":15},"end":{"line":341,"column":9}},"type":"if","locations":[{"start":{"line":320,"column":15},"end":{"line":341,"column":9}},{"start":{"line":324,"column":15},"end":{"line":341,"column":9}}],"line":320},"38":{"loc":{"start":{"line":324,"column":15},"end":{"line":341,"column":9}},"type":"if","locations":[{"start":{"line":324,"column":15},"end":{"line":341,"column":9}},{"start":{"line":339,"column":16},"end":{"line":341,"column":9}}],"line":324},"39":{"loc":{"start":{"line":331,"column":12},"end":{"line":337,"column":13}},"type":"if","locations":[{"start":{"line":331,"column":12},"end":{"line":337,"column":13}},{"start":{},"end":{}}],"line":331},"40":{"loc":{"start":{"line":347,"column":13},"end":{"line":347,"column":37}},"type":"binary-expr","locations":[{"start":{"line":347,"column":13},"end":{"line":347,"column":29}},{"start":{"line":347,"column":33},"end":{"line":347,"column":37}}],"line":347}},"s":{"0":1,"1":1,"2":1,"3":1,"4":1,"5":1,"6":1,"7":1,"8":1,"9":1,"10":1,"11":1,"12":1,"13":1,"14":1,"15":1,"16":0,"17":1,"18":0,"19":0,"20":0,"21":0,"22":0,"23":0,"24":0,"25":0,"26":0,"27":0,"28":0,"29":0,"30":0,"31":0,"32":0,"33":0,"34":0,"35":0,"36":0,"37":0,"38":0,"39":0,"40":0,"41":0,"42":0,"43":0,"44":0,"45":0,"46":0,"47":0,"48":0,"49":0,"50":0,"51":0,"52":0,"53":0,"54":0,"55":0,"56":0,"57":0,"58":0,"59":0,"60":0,"61":0,"62":0,"63":0,"64":0,"65":0,"66":0,"67":0,"68":0,"69":0,"70":0,"71":0,"72":0,"73":0,"74":0,"75":0,"76":0,"77":0,"78":0,"79":0,"80":0,"81":0,"82":0,"83":3,"84":6,"85":3,"86":1,"87":1,"88":2,"89":1,"90":1,"91":1,"92":1,"93":0,"94":0,"95":0,"96":0,"97":0,"98":0,"99":0,"100":0,"101":0,"102":0,"103":0,"104":0,"105":0,"106":0,"107":0,"108":0,"109":0,"110":0,"111":0,"112":0,"113":0,"114":0,"115":1,"116":2,"117":4,"118":3,"119":9,"120":3,"121":9,"122":3,"123":1,"124":1,"125":3,"126":3,"127":1,"128":2,"129":1,"130":1,"131":3,"132":3,"133":1,"134":1,"135":5,"136":2,"137":3,"138":1,"139":1,"140":1,"141":1,"142":1,"143":1,"144":1,"145":3,"146":3,"147":3,"148":3,"149":1,"150":2,"151":3,"152":3,"153":1,"154":5,"155":5,"156":5,"157":5,"158":1079,"159":0,"160":0,"161":0,"162":0,"163":0,"164":0,"165":0,"166":0,"167":0,"168":0,"169":0,"170":0,"171":0,"172":0,"173":0,"174":0,"175":0,"176":0,"177":0,"178":0,"179":0,"180":0,"181":0,"182":0,"183":0,"184":0,"185":0,"186":0,"187":0,"188":0,"189":0,"190":0,"191":0,"192":0,"193":0,"194":0,"195":0,"196":0,"197":0,"198":0,"199":0,"200":0,"201":0,"202":0,"203":0,"204":0,"205":0,"206":0,"207":0,"208":0,"209":0,"210":0,"211":0,"212":0,"213":0,"214":0,"215":1,"216":1,"217":0,"218":1},"f":{"0":0,"1":0,"2":0,"3":0,"4":0,"5":0,"6":0,"7":0,"8":0,"9":0,"10":0,"11":0,"12":0,"13":0,"14":0,"15":3,"16":6,"17":0,"18":0,"19":0,"20":0,"21":0,"22":0,"23":0,"24":0,"25":1,"26":2,"27":4,"28":3,"29":9,"30":9,"31":3,"32":3,"33":5,"34":1,"35":1,"36":3,"37":5,"38":1079,"39":0,"40":0,"41":0,"42":0,"43":0,"44":0,"45":0,"46":0,"47":0,"48":0,"49":0,"50":0,"51":0},"b":{"0":[0,0],"1":[0,0],"2":[0,0],"3":[0,0],"4":[0,0],"5":[0,0],"6":[0,0],"7":[0,0],"8":[0,0],"9":[0,0],"10":[0,0],"11":[1,2],"12":[1,1],"13":[0,0],"14":[0,0],"15":[0,0],"16":[0,0],"17":[9,3],"18":[9,6],"19":[1,2],"20":[2,1],"21":[1,1],"22":[1,2],"23":[2,3],"24":[3,0],"25":[1,2],"26":[0,0],"27":[0,0],"28":[0,0],"29":[0,0],"30":[0,0],"31":[0,0],"32":[0,0],"33":[0,0],"34":[0,0],"35":[0,0],"36":[0,0],"37":[0,0],"38":[0,0],"39":[0,0],"40":[1,1]},"_coverageSchema":"1a1c01bbd47fc00a2c39e90264f33305004495a9","hash":"5abbce3790552ec5094c30a270552dd1bcf5d6ab"}
,"C:\\Users\\owner\\Documents\\GitHub\\applebaum-final-projects-mafia-uhh\\server\\mafiaParameters.js": {"path":"C:\\Users\\owner\\Documents\\GitHub\\applebaum-final-projects-mafia-uhh\\server\\mafiaParameters.js","statementMap":{"0":{"start":{"line":1,"column":14},"end":{"line":7,"column":1}},"1":{"start":{"line":9,"column":17},"end":{"line":12,"column":1}},"2":{"start":{"line":14,"column":0},"end":{"line":14,"column":37}}},"fnMap":{},"branchMap":{},"s":{"0":1,"1":1,"2":1},"f":{},"b":{},"_coverageSchema":"1a1c01bbd47fc00a2c39e90264f33305004495a9","hash":"6ef2640396c365626c843cfe82e461b2318c5833"}
,"C:\\Users\\owner\\Documents\\GitHub\\applebaum-final-projects-mafia-uhh\\server\\player.js": {"path":"C:\\Users\\owner\\Documents\\GitHub\\applebaum-final-projects-mafia-uhh\\server\\player.js","statementMap":{"0":{"start":{"line":3,"column":6},"end":{"line":3,"column":23}},"1":{"start":{"line":4,"column":6},"end":{"line":4,"column":23}},"2":{"start":{"line":5,"column":6},"end":{"line":5,"column":30}},"3":{"start":{"line":6,"column":6},"end":{"line":6,"column":28}},"4":{"start":{"line":7,"column":6},"end":{"line":7,"column":29}},"5":{"start":{"line":8,"column":6},"end":{"line":8,"column":26}},"6":{"start":{"line":9,"column":6},"end":{"line":9,"column":23}},"7":{"start":{"line":13,"column":6},"end":{"line":13,"column":27}},"8":{"start":{"line":14,"column":6},"end":{"line":14,"column":31}},"9":{"start":{"line":18,"column":6},"end":{"line":18,"column":28}},"10":{"start":{"line":19,"column":6},"end":{"line":19,"column":29}},"11":{"start":{"line":23,"column":8},"end":{"line":23,"column":31}},"12":{"start":{"line":28,"column":2},"end":{"line":28,"column":26}}},"fnMap":{"0":{"name":"(anonymous_0)","decl":{"start":{"line":2,"column":4},"end":{"line":2,"column":5}},"loc":{"start":{"line":2,"column":28},"end":{"line":10,"column":5}},"line":2},"1":{"name":"(anonymous_1)","decl":{"start":{"line":12,"column":4},"end":{"line":12,"column":5}},"loc":{"start":{"line":12,"column":20},"end":{"line":15,"column":5}},"line":12},"2":{"name":"(anonymous_2)","decl":{"start":{"line":17,"column":4},"end":{"line":17,"column":5}},"loc":{"start":{"line":17,"column":16},"end":{"line":20,"column":5}},"line":17},"3":{"name":"(anonymous_3)","decl":{"start":{"line":22,"column":4},"end":{"line":22,"column":5}},"loc":{"start":{"line":22,"column":16},"end":{"line":24,"column":5}},"line":22}},"branchMap":{},"s":{"0":9,"1":9,"2":9,"3":9,"4":9,"5":9,"6":9,"7":3,"8":3,"9":1,"10":1,"11":1,"12":2},"f":{"0":9,"1":3,"2":1,"3":1},"b":{},"_coverageSchema":"1a1c01bbd47fc00a2c39e90264f33305004495a9","hash":"1dc47e639d8440f40b002ec7e1030a6db1d735e8"}
}
