TN:
SF:index.js
FN:23,(anonymous_0)
FN:27,(anonymous_1)
FN:34,(anonymous_2)
FN:60,(anonymous_3)
FN:71,(anonymous_4)
FN:83,(anonymous_5)
FN:84,(anonymous_6)
FN:85,(anonymous_7)
FN:89,(anonymous_8)
FN:95,(anonymous_9)
FN:108,(anonymous_10)
FN:109,(anonymous_11)
FN:110,(anonymous_12)
FN:119,checkPlayerNameValid
FN:120,(anonymous_14)
FN:137,beginDayTimer
FN:142,(anonymous_16)
FN:146,(anonymous_17)
FN:154,(anonymous_18)
FN:161,beginNightTimer
FN:166,(anonymous_20)
FN:170,(anonymous_21)
FN:178,(anonymous_22)
FN:185,doPhaseChange
FN:192,(anonymous_24)
FN:199,updateCurrentPlayersList
FN:200,(anonymous_26)
FN:201,(anonymous_27)
FN:205,checkWinConditions
FN:206,(anonymous_29)
FN:207,(anonymous_30)
FN:210,(anonymous_31)
FN:215,(anonymous_32)
FN:223,isMafia
FN:230,kickExcessPlayers
FN:237,assignRoles
FN:243,(anonymous_36)
FN:260,generateRoles
FN:268,(anonymous_38)
FN:271,handleVoting
FN:272,(anonymous_40)
FN:280,(anonymous_41)
FN:281,(anonymous_42)
FN:287,(anonymous_43)
FN:305,(anonymous_44)
FN:315,(anonymous_45)
FN:319,(anonymous_46)
FN:323,(anonymous_47)
FN:327,(anonymous_48)
FN:336,(anonymous_49)
FN:341,(anonymous_50)
FNF:51
FNH:18
FNDA:0,(anonymous_0)
FNDA:0,(anonymous_1)
FNDA:0,(anonymous_2)
FNDA:0,(anonymous_3)
FNDA:0,(anonymous_4)
FNDA:0,(anonymous_5)
FNDA:0,(anonymous_6)
FNDA:0,(anonymous_7)
FNDA:0,(anonymous_8)
FNDA:0,(anonymous_9)
FNDA:0,(anonymous_10)
FNDA:0,(anonymous_11)
FNDA:0,(anonymous_12)
FNDA:3,checkPlayerNameValid
FNDA:6,(anonymous_14)
FNDA:0,beginDayTimer
FNDA:0,(anonymous_16)
FNDA:0,(anonymous_17)
FNDA:0,(anonymous_18)
FNDA:0,beginNightTimer
FNDA:0,(anonymous_20)
FNDA:0,(anonymous_21)
FNDA:0,(anonymous_22)
FNDA:2,doPhaseChange
FNDA:4,(anonymous_24)
FNDA:1,updateCurrentPlayersList
FNDA:2,(anonymous_26)
FNDA:4,(anonymous_27)
FNDA:3,checkWinConditions
FNDA:9,(anonymous_29)
FNDA:9,(anonymous_30)
FNDA:3,(anonymous_31)
FNDA:3,(anonymous_32)
FNDA:5,isMafia
FNDA:1,kickExcessPlayers
FNDA:1,assignRoles
FNDA:3,(anonymous_36)
FNDA:5,generateRoles
FNDA:1059,(anonymous_38)
FNDA:0,handleVoting
FNDA:0,(anonymous_40)
FNDA:0,(anonymous_41)
FNDA:0,(anonymous_42)
FNDA:0,(anonymous_43)
FNDA:0,(anonymous_44)
FNDA:0,(anonymous_45)
FNDA:0,(anonymous_46)
FNDA:0,(anonymous_47)
FNDA:0,(anonymous_48)
FNDA:0,(anonymous_49)
FNDA:0,(anonymous_50)
DA:1,1
DA:2,1
DA:3,1
DA:4,1
DA:5,1
DA:7,1
DA:8,1
DA:9,1
DA:11,1
DA:12,1
DA:14,1
DA:17,1
DA:18,1
DA:19,1
DA:21,1
DA:23,1
DA:24,0
DA:27,1
DA:28,0
DA:32,0
DA:34,0
DA:35,0
DA:37,0
DA:38,0
DA:40,0
DA:42,0
DA:44,0
DA:45,0
DA:48,0
DA:49,0
DA:50,0
DA:52,0
DA:54,0
DA:55,0
DA:57,0
DA:60,0
DA:61,0
DA:63,0
DA:64,0
DA:65,0
DA:66,0
DA:68,0
DA:69,0
DA:70,0
DA:71,0
DA:72,0
DA:73,0
DA:74,0
DA:78,0
DA:80,0
DA:81,0
DA:82,0
DA:83,0
DA:84,0
DA:85,0
DA:87,0
DA:88,0
DA:89,0
DA:90,0
DA:92,0
DA:93,0
DA:94,0
DA:95,0
DA:96,0
DA:98,0
DA:99,0
DA:100,0
DA:101,0
DA:102,0
DA:103,0
DA:104,0
DA:108,0
DA:109,0
DA:110,0
DA:111,0
DA:113,0
DA:120,6
DA:122,3
DA:123,1
DA:124,1
DA:127,2
DA:128,1
DA:129,1
DA:132,1
DA:133,1
DA:138,0
DA:139,0
DA:142,0
DA:143,0
DA:146,0
DA:147,0
DA:148,0
DA:150,0
DA:151,0
DA:152,0
DA:154,0
DA:155,0
DA:162,0
DA:163,0
DA:166,0
DA:167,0
DA:170,0
DA:171,0
DA:172,0
DA:174,0
DA:175,0
DA:176,0
DA:178,0
DA:179,0
DA:186,2
DA:187,1
DA:189,1
DA:192,2
DA:193,4
DA:196,2
DA:200,1
DA:201,4
DA:206,9
DA:207,9
DA:209,3
DA:210,1
DA:211,3
DA:212,3
DA:214,2
DA:215,1
DA:216,3
DA:217,3
DA:220,3
DA:224,5
DA:225,2
DA:227,3
DA:231,1
DA:232,1
DA:233,1
DA:239,1
DA:241,1
DA:243,1
DA:244,3
DA:245,3
DA:246,3
DA:247,3
DA:248,1
DA:250,2
DA:252,3
DA:253,3
DA:257,1
DA:262,5
DA:264,5
DA:266,5
DA:268,1059
DA:272,0
DA:274,0
DA:275,0
DA:278,0
DA:280,0
DA:281,0
DA:283,0
DA:284,0
DA:285,0
DA:287,0
DA:288,0
DA:289,0
DA:292,0
DA:293,0
DA:294,0
DA:295,0
DA:296,0
DA:299,0
DA:300,0
DA:301,0
DA:302,0
DA:303,0
DA:304,0
DA:305,0
DA:306,0
DA:307,0
DA:308,0
DA:309,0
DA:310,0
DA:314,0
DA:315,0
DA:316,0
DA:318,0
DA:319,0
DA:320,0
DA:322,0
DA:323,0
DA:324,0
DA:325,0
DA:327,0
DA:328,0
DA:331,0
DA:333,0
DA:336,0
DA:340,1
DA:341,1
DA:342,0
DA:345,1
LF:198
LH:70
BRDA:37,0,0,0
BRDA:37,0,1,0
BRDA:44,1,0,0
BRDA:44,1,1,0
BRDA:54,2,0,0
BRDA:54,2,1,0
BRDA:63,3,0,0
BRDA:63,3,1,0
BRDA:69,4,0,0
BRDA:69,4,1,0
BRDA:80,5,0,0
BRDA:80,5,1,0
BRDA:82,6,0,0
BRDA:82,6,1,0
BRDA:87,7,0,0
BRDA:87,7,1,0
BRDA:93,8,0,0
BRDA:93,8,1,0
BRDA:99,9,0,0
BRDA:99,9,1,0
BRDA:102,10,0,0
BRDA:102,10,1,0
BRDA:122,11,0,1
BRDA:122,11,1,2
BRDA:127,12,0,1
BRDA:127,12,1,1
BRDA:138,13,0,0
BRDA:138,13,1,0
BRDA:150,14,0,0
BRDA:150,14,1,0
BRDA:162,15,0,0
BRDA:162,15,1,0
BRDA:174,16,0,0
BRDA:174,16,1,0
BRDA:186,17,0,1
BRDA:186,17,1,1
BRDA:206,18,0,9
BRDA:206,18,1,3
BRDA:207,19,0,9
BRDA:207,19,1,6
BRDA:209,20,0,1
BRDA:209,20,1,2
BRDA:211,21,0,2
BRDA:211,21,1,1
BRDA:214,22,0,1
BRDA:214,22,1,1
BRDA:216,23,0,1
BRDA:216,23,1,2
BRDA:224,24,0,2
BRDA:224,24,1,3
BRDA:244,25,0,3
BRDA:244,25,1,0
BRDA:247,26,0,1
BRDA:247,26,1,2
BRDA:274,27,0,0
BRDA:274,27,1,0
BRDA:274,28,0,0
BRDA:274,28,1,0
BRDA:283,29,0,0
BRDA:283,29,1,0
BRDA:289,30,0,0
BRDA:289,30,1,0
BRDA:302,31,0,0
BRDA:302,31,1,0
BRDA:302,32,0,0
BRDA:302,32,1,0
BRDA:307,33,0,0
BRDA:307,33,1,0
BRDA:307,34,0,0
BRDA:307,34,1,0
BRDA:309,35,0,0
BRDA:309,35,1,0
BRDA:314,36,0,0
BRDA:314,36,1,0
BRDA:318,37,0,0
BRDA:318,37,1,0
BRDA:322,38,0,0
BRDA:322,38,1,0
BRDA:340,39,0,1
BRDA:340,39,1,1
BRF:80
BRH:25
end_of_record
TN:
SF:mafiaParameters.js
FNF:0
FNH:0
DA:1,1
DA:9,1
DA:14,1
LF:3
LH:3
BRF:0
BRH:0
end_of_record
TN:
SF:player.js
FN:2,(anonymous_0)
FN:12,(anonymous_1)
FN:17,(anonymous_2)
FN:22,(anonymous_3)
FNF:4
FNH:4
FNDA:9,(anonymous_0)
FNDA:3,(anonymous_1)
FNDA:1,(anonymous_2)
FNDA:1,(anonymous_3)
DA:3,9
DA:4,9
DA:5,9
DA:6,9
DA:7,9
DA:8,9
DA:9,9
DA:13,3
DA:14,3
DA:18,1
DA:19,1
DA:23,1
DA:28,2
LF:13
LH:13
BRF:0
BRH:0
end_of_record
