TN:
SF:index.js
FN:23,(anonymous_0)
FN:27,(anonymous_1)
FN:34,(anonymous_2)
FN:60,(anonymous_3)
FN:71,(anonymous_4)
FN:83,(anonymous_5)
FN:85,(anonymous_6)
FN:88,(anonymous_7)
FN:89,(anonymous_8)
FN:89,(anonymous_9)
FN:93,(anonymous_10)
FN:99,(anonymous_11)
FN:112,(anonymous_12)
FN:113,(anonymous_13)
FN:114,(anonymous_14)
FN:123,checkPlayerNameValid
FN:124,(anonymous_16)
FN:141,beginDayTimer
FN:146,(anonymous_18)
FN:150,(anonymous_19)
FN:156,(anonymous_20)
FN:163,beginNightTimer
FN:168,(anonymous_22)
FN:172,(anonymous_23)
FN:179,(anonymous_24)
FN:186,updateCurrentPlayersList
FN:187,(anonymous_26)
FN:188,(anonymous_27)
FN:192,checkWinConditions
FN:193,(anonymous_29)
FN:194,(anonymous_30)
FN:198,(anonymous_31)
FN:205,(anonymous_32)
FN:215,isMafia
FN:222,kickExcessPlayers
FN:229,assignRoles
FN:235,(anonymous_36)
FN:252,generateRoles
FN:260,(anonymous_38)
FN:263,handleVoting
FN:264,(anonymous_40)
FN:275,(anonymous_41)
FN:277,(anonymous_42)
FN:280,(anonymous_43)
FN:289,(anonymous_44)
FN:307,(anonymous_45)
FN:317,(anonymous_46)
FN:321,(anonymous_47)
FN:325,(anonymous_48)
FN:334,(anonymous_49)
FN:343,(anonymous_50)
FN:348,(anonymous_51)
FNF:52
FNH:16
FNDA:0,(anonymous_0)
FNDA:0,(anonymous_1)
FNDA:0,(anonymous_2)
FNDA:0,(anonymous_3)
FNDA:0,(anonymous_4)
FNDA:0,(anonymous_5)
FNDA:0,(anonymous_6)
FNDA:0,(anonymous_7)
FNDA:0,(anonymous_8)
FNDA:0,(anonymous_9)
FNDA:0,(anonymous_10)
FNDA:0,(anonymous_11)
FNDA:0,(anonymous_12)
FNDA:0,(anonymous_13)
FNDA:0,(anonymous_14)
FNDA:3,checkPlayerNameValid
FNDA:6,(anonymous_16)
FNDA:0,beginDayTimer
FNDA:0,(anonymous_18)
FNDA:0,(anonymous_19)
FNDA:0,(anonymous_20)
FNDA:0,beginNightTimer
FNDA:0,(anonymous_22)
FNDA:0,(anonymous_23)
FNDA:0,(anonymous_24)
FNDA:1,updateCurrentPlayersList
FNDA:2,(anonymous_26)
FNDA:4,(anonymous_27)
FNDA:3,checkWinConditions
FNDA:9,(anonymous_29)
FNDA:9,(anonymous_30)
FNDA:3,(anonymous_31)
FNDA:3,(anonymous_32)
FNDA:5,isMafia
FNDA:1,kickExcessPlayers
FNDA:1,assignRoles
FNDA:3,(anonymous_36)
FNDA:5,generateRoles
FNDA:1079,(anonymous_38)
FNDA:0,handleVoting
FNDA:0,(anonymous_40)
FNDA:0,(anonymous_41)
FNDA:0,(anonymous_42)
FNDA:0,(anonymous_43)
FNDA:0,(anonymous_44)
FNDA:0,(anonymous_45)
FNDA:0,(anonymous_46)
FNDA:0,(anonymous_47)
FNDA:0,(anonymous_48)
FNDA:0,(anonymous_49)
FNDA:0,(anonymous_50)
FNDA:0,(anonymous_51)
DA:1,1
DA:2,1
DA:3,1
DA:4,1
DA:5,1
DA:7,1
DA:8,1
DA:9,1
DA:11,1
DA:12,1
DA:14,1
DA:17,1
DA:18,1
DA:19,1
DA:21,1
DA:23,1
DA:24,0
DA:27,1
DA:28,0
DA:32,0
DA:34,0
DA:35,0
DA:37,0
DA:38,0
DA:40,0
DA:42,0
DA:44,0
DA:45,0
DA:48,0
DA:49,0
DA:50,0
DA:52,0
DA:54,0
DA:55,0
DA:57,0
DA:60,0
DA:61,0
DA:63,0
DA:64,0
DA:65,0
DA:66,0
DA:68,0
DA:69,0
DA:70,0
DA:71,0
DA:72,0
DA:73,0
DA:74,0
DA:78,0
DA:80,0
DA:81,0
DA:82,0
DA:83,0
DA:84,0
DA:85,0
DA:86,0
DA:88,0
DA:89,0
DA:91,0
DA:92,0
DA:93,0
DA:94,0
DA:96,0
DA:97,0
DA:98,0
DA:99,0
DA:100,0
DA:102,0
DA:103,0
DA:104,0
DA:105,0
DA:106,0
DA:107,0
DA:108,0
DA:112,0
DA:113,0
DA:114,0
DA:115,0
DA:117,0
DA:124,6
DA:126,3
DA:127,1
DA:128,1
DA:131,2
DA:132,1
DA:133,1
DA:136,1
DA:137,1
DA:142,0
DA:143,0
DA:146,0
DA:147,0
DA:150,0
DA:151,0
DA:152,0
DA:153,0
DA:154,0
DA:156,0
DA:157,0
DA:164,0
DA:165,0
DA:168,0
DA:169,0
DA:172,0
DA:173,0
DA:174,0
DA:176,0
DA:177,0
DA:179,0
DA:180,0
DA:187,1
DA:188,4
DA:193,9
DA:194,9
DA:196,3
DA:197,1
DA:198,1
DA:199,3
DA:200,3
DA:202,1
DA:203,2
DA:204,1
DA:205,1
DA:206,3
DA:207,3
DA:209,1
DA:211,1
DA:216,5
DA:217,2
DA:219,3
DA:223,1
DA:224,1
DA:225,1
DA:231,1
DA:233,1
DA:235,1
DA:236,3
DA:237,3
DA:238,3
DA:239,3
DA:240,1
DA:242,2
DA:244,3
DA:245,3
DA:249,1
DA:254,5
DA:256,5
DA:258,5
DA:260,1079
DA:264,0
DA:266,0
DA:267,0
DA:270,0
DA:274,0
DA:275,0
DA:277,0
DA:280,0
DA:282,0
DA:283,0
DA:285,0
DA:286,0
DA:287,0
DA:289,0
DA:290,0
DA:291,0
DA:294,0
DA:295,0
DA:296,0
DA:297,0
DA:298,0
DA:301,0
DA:302,0
DA:303,0
DA:304,0
DA:305,0
DA:306,0
DA:307,0
DA:308,0
DA:309,0
DA:310,0
DA:311,0
DA:312,0
DA:316,0
DA:317,0
DA:318,0
DA:320,0
DA:321,0
DA:322,0
DA:324,0
DA:325,0
DA:326,0
DA:328,0
DA:331,0
DA:332,0
DA:334,0
DA:335,0
DA:340,0
DA:343,0
DA:347,1
DA:348,1
DA:349,0
DA:352,1
LF:202
LH:68
BRDA:37,0,0,0
BRDA:37,0,1,0
BRDA:44,1,0,0
BRDA:44,1,1,0
BRDA:54,2,0,0
BRDA:54,2,1,0
BRDA:63,3,0,0
BRDA:63,3,1,0
BRDA:69,4,0,0
BRDA:69,4,1,0
BRDA:80,5,0,0
BRDA:80,5,1,0
BRDA:82,6,0,0
BRDA:82,6,1,0
BRDA:91,7,0,0
BRDA:91,7,1,0
BRDA:97,8,0,0
BRDA:97,8,1,0
BRDA:103,9,0,0
BRDA:103,9,1,0
BRDA:106,10,0,0
BRDA:106,10,1,0
BRDA:126,11,0,1
BRDA:126,11,1,2
BRDA:131,12,0,1
BRDA:131,12,1,1
BRDA:142,13,0,0
BRDA:142,13,1,0
BRDA:153,14,0,0
BRDA:153,14,1,0
BRDA:164,15,0,0
BRDA:164,15,1,0
BRDA:176,16,0,0
BRDA:176,16,1,0
BRDA:193,17,0,9
BRDA:193,17,1,3
BRDA:194,18,0,9
BRDA:194,18,1,6
BRDA:196,19,0,1
BRDA:196,19,1,2
BRDA:199,20,0,2
BRDA:199,20,1,1
BRDA:203,21,0,1
BRDA:203,21,1,1
BRDA:206,22,0,1
BRDA:206,22,1,2
BRDA:216,23,0,2
BRDA:216,23,1,3
BRDA:236,24,0,3
BRDA:236,24,1,0
BRDA:239,25,0,1
BRDA:239,25,1,2
BRDA:266,26,0,0
BRDA:266,26,1,0
BRDA:266,27,0,0
BRDA:266,27,1,0
BRDA:274,28,0,0
BRDA:274,28,1,0
BRDA:285,29,0,0
BRDA:285,29,1,0
BRDA:291,30,0,0
BRDA:291,30,1,0
BRDA:304,31,0,0
BRDA:304,31,1,0
BRDA:304,32,0,0
BRDA:304,32,1,0
BRDA:309,33,0,0
BRDA:309,33,1,0
BRDA:309,34,0,0
BRDA:309,34,1,0
BRDA:311,35,0,0
BRDA:311,35,1,0
BRDA:316,36,0,0
BRDA:316,36,1,0
BRDA:320,37,0,0
BRDA:320,37,1,0
BRDA:324,38,0,0
BRDA:324,38,1,0
BRDA:331,39,0,0
BRDA:331,39,1,0
BRDA:347,40,0,1
BRDA:347,40,1,1
BRF:82
BRH:23
end_of_record
TN:
SF:mafiaParameters.js
FNF:0
FNH:0
DA:1,1
DA:9,1
DA:14,1
LF:3
LH:3
BRF:0
BRH:0
end_of_record
TN:
SF:player.js
FN:2,(anonymous_0)
FN:12,(anonymous_1)
FN:17,(anonymous_2)
FN:22,(anonymous_3)
FNF:4
FNH:4
FNDA:9,(anonymous_0)
FNDA:3,(anonymous_1)
FNDA:1,(anonymous_2)
FNDA:1,(anonymous_3)
DA:3,9
DA:4,9
DA:5,9
DA:6,9
DA:7,9
DA:8,9
DA:9,9
DA:13,3
DA:14,3
DA:18,1
DA:19,1
DA:23,1
DA:28,2
LF:13
LH:13
BRF:0
BRH:0
end_of_record
